2022-10-05 04:41:44.899 xcodebuild[82346:13062289]  DTDeviceKit: Failed to mount DDI from '<DVTFilePath:0x124543760:'/Applications/Xcode.app/Contents/Developer/Platforms/iPhoneOS.platform/DeviceSupport/15.5/DeveloperDiskImage.dmg'>', error=-402652958: Error Domain=com.apple.dtdevicekit Code=806 "Failed to prepare the device for development." UserInfo={AssociatedMobileDeviceFunction=AMDeviceMountImage, NSUnderlyingError=0x1108c59a0 {Error Domain=com.apple.dt.MobileDeviceErrorDomain Code=-402652958 "The device is locked." UserInfo={MobileDeviceErrorCode=(0xE80000E2), com.apple.dtdevicekit.stacktrace=(
	0   DTDeviceKitBase                     0x000000011ce6c2bc DTDKCreateNSErrorFromAMDErrorCode + 300
	1   DTDeviceKitBase                     0x000000011ce9e160 -[DTDKMobileDeviceToken _mountDeveloperDiskImage:withError:] + 692
	2   DTDeviceKitBase                     0x000000011ce9eb24 __58-[DTDKMobileDeviceToken mountDeveloperDiskImageWithError:]_block_invoke + 444
	3   libdispatch.dylib                   0x000000019f1c41b4 _dispatch_client_callout + 20
	4   libdispatch.dylib                   0x000000019f1d3414 _dispatch_lane_barrier_sync_invoke_and_complete + 56
	5   DTDeviceKitBase                     0x000000011ce9e90c -[DTDKMobileDeviceToken mountDeveloperDiskImageWithError:] + 168
	6   IDEiOSSupportCore                   0x00000001165321d8 __37-[DVTiOSDevice(Connect) hasConnected]_block_invoke_2 + 116
	7   DVTFoundation                       0x0000000106150824 __DVT_CALLING_CLIENT_BLOCK__ + 16
	8   DVTFoundation                       0x0000000106151c00 __DVTDispatchGroupAsync_block_invoke + 152
	9   libdispatch.dylib                   0x000000019f1c25f0 _dispatch_call_block_and_release + 32
	10  libdispatch.dylib                   0x000000019f1c41b4 _dispatch_client_callout + 20
	11  libdispatch.dylib                   0x000000019f1c7708 _dispatch_continuation_pop + 652
	12  libdispatch.dylib                   0x000000019f1c6cdc _dispatch_async_redirect_invoke + 584
	13  libdispatch.dylib                   0x000000019f1d58e8 _dispatch_root_queue_drain + 396
	14  libdispatch.dylib                   0x000000019f1d6104 _dispatch_worker_thread2 + 164
	15  libsystem_pthread.dylib             0x000000019f384324 _pthread_wqthread + 228
	16  libsystem_pthread.dylib             0x000000019f383080 start_wqthread + 8
), DVTRadarComponentKey=261622, NSLocalizedDescription=The device is locked.}}, NSLocalizedRecoverySuggestion=Please unlock and reconnect the device., NSLocalizedFailure=The device is locked., DVTRadarComponentKey=487927, NSLocalizedDescription=Failed to prepare the device for development.}
2022-10-05 04:41:44.900 xcodebuild[82346:13062289]  iPhoneConnect: 📱<DVTiOSDevice (0x124b7a2f0), iPad, iPad, 15.6.1 (19G82), 00008103-0005248A1ED3001E> unable to mount developer disk image, (Error Domain=com.apple.dtdevicekit Code=806 "Failed to prepare the device for development." UserInfo={AssociatedMobileDeviceFunction=AMDeviceMountImage, NSUnderlyingError=0x1108c59a0 {Error Domain=com.apple.dt.MobileDeviceErrorDomain Code=-402652958 "The device is locked." UserInfo={MobileDeviceErrorCode=(0xE80000E2), com.apple.dtdevicekit.stacktrace=(
	0   DTDeviceKitBase                     0x000000011ce6c2bc DTDKCreateNSErrorFromAMDErrorCode + 300
	1   DTDeviceKitBase                     0x000000011ce9e160 -[DTDKMobileDeviceToken _mountDeveloperDiskImage:withError:] + 692
	2   DTDeviceKitBase                     0x000000011ce9eb24 __58-[DTDKMobileDeviceToken mountDeveloperDiskImageWithError:]_block_invoke + 444
	3   libdispatch.dylib                   0x000000019f1c41b4 _dispatch_client_callout + 20
	4   libdispatch.dylib                   0x000000019f1d3414 _dispatch_lane_barrier_sync_invoke_and_complete + 56
	5   DTDeviceKitBase                     0x000000011ce9e90c -[DTDKMobileDeviceToken mountDeveloperDiskImageWithError:] + 168
	6   IDEiOSSupportCore                   0x00000001165321d8 __37-[DVTiOSDevice(Connect) hasConnected]_block_invoke_2 + 116
	7   DVTFoundation                       0x0000000106150824 __DVT_CALLING_CLIENT_BLOCK__ + 16
	8   DVTFoundation                       0x0000000106151c00 __DVTDispatchGroupAsync_block_invoke + 152
	9   libdispatch.dylib                   0x000000019f1c25f0 _dispatch_call_block_and_release + 32
	10  libdispatch.dylib                   0x000000019f1c41b4 _dispatch_client_callout + 20
	11  libdispatch.dylib                   0x000000019f1c7708 _dispatch_continuation_pop + 652
	12  libdispatch.dylib                   0x000000019f1c6cdc _dispatch_async_redirect_invoke + 584
	13  libdispatch.dylib                   0x000000019f1d58e8 _dispatch_root_queue_drain + 396
	14  libdispatch.dylib                   0x000000019f1d6104 _dispatch_worker_thread2 + 164
	15  libsystem_pthread.dylib             0x000000019f384324 _pthread_wqthread + 228
	16  libsystem_pthread.dylib             0x000000019f383080 start_wqthread + 8
), DVTRadarComponentKey=261622, NSLocalizedDescription=The device is locked.}}, NSLocalizedRecoverySuggestion=Please unlock and reconnect the device., NSLocalizedFailure=The device is locked., DVTRadarComponentKey=487927, NSLocalizedDescription=Failed to prepare the device for development.}) {
    AssociatedMobileDeviceFunction = AMDeviceMountImage;
    DVTRadarComponentKey = 487927;
    NSLocalizedDescription = "Failed to prepare the device for development.";
    NSLocalizedFailure = "The device is locked.";
    NSLocalizedRecoverySuggestion = "Please unlock and reconnect the device.";
    NSUnderlyingError = "Error Domain=com.apple.dt.MobileDeviceErrorDomain Code=-402652958 \"The device is locked.\" UserInfo={MobileDeviceErrorCode=(0xE80000E2), com.apple.dtdevicekit.stacktrace=(\n\t0   DTDeviceKitBase                     0x000000011ce6c2bc DTDKCreateNSErrorFromAMDErrorCode + 300\n\t1   DTDeviceKitBase                     0x000000011ce9e160 -[DTDKMobileDeviceToken _mountDeveloperDiskImage:withError:] + 692\n\t2   DTDeviceKitBase                     0x000000011ce9eb24 __58-[DTDKMobileDeviceToken mountDeveloperDiskImageWithError:]_block_invoke + 444\n\t3   libdispatch.dylib                   0x000000019f1c41b4 _dispatch_client_callout + 20\n\t4   libdispatch.dylib                   0x000000019f1d3414 _dispatch_lane_barrier_sync_invoke_and_complete + 56\n\t5   DTDeviceKitBase                     0x000000011ce9e90c -[DTDKMobileDeviceToken mountDeveloperDiskImageWithError:] + 168\n\t6   IDEiOSSupportCore                   0x00000001165321d8 __37-[DVTiOSDevice(Connect) hasConnected]_block_invoke_2 + 116\n\t7   DVTFoundation                       0x0000000106150824 __DVT_CALLING_CLIENT_BLOCK__ + 16\n\t8   DVTFoundation                       0x0000000106151c00 __DVTDispatchGroupAsync_block_invoke + 152\n\t9   libdispatch.dylib                   0x000000019f1c25f0 _dispatch_call_block_and_release + 32\n\t10  libdispatch.dylib                   0x000000019f1c41b4 _dispatch_client_callout + 20\n\t11  libdispatch.dylib                   0x000000019f1c7708 _dispatch_continuation_pop + 652\n\t12  libdispatch.dylib                   0x000000019f1c6cdc _dispatch_async_redirect_invoke + 584\n\t13  libdispatch.dylib                   0x000000019f1d58e8 _dispatch_root_queue_drain + 396\n\t14  libdispatch.dylib                   0x000000019f1d6104 _dispatch_worker_thread2 + 164\n\t15  libsystem_pthread.dylib             0x000000019f384324 _pthread_wqthread + 228\n\t16  libsystem_pthread.dylib             0x000000019f383080 start_wqthread + 8\n), DVTRadarComponentKey=261622, NSLocalizedDescription=The device is locked.}";
}
2022-10-05 04:41:44.901 xcodebuild[82346:13061576] [MT] iPhoneConnect: 📱<DVTiOSDevice (0x124b7a2f0), iPad, iPad, 15.6.1 (19G82), 00008103-0005248A1ED3001E> -- An error occurred whilst preparing device for development -- Failed to prepare the device for development.
Domain: com.apple.dtdevicekit
Code: 806
Recovery Suggestion: Please unlock and reconnect the device.
User Info: {
    AssociatedMobileDeviceFunction = AMDeviceMountImage;
    DVTRadarComponentKey = 487927;
    NSLocalizedFailure = "The device is locked.";
}
--
The device is locked.
Domain: com.apple.dt.MobileDeviceErrorDomain
Code: -402652958
User Info: {
    DVTRadarComponentKey = 261622;
    MobileDeviceErrorCode = "(0xE80000E2)";
    "com.apple.dtdevicekit.stacktrace" = (
	0   DTDeviceKitBase                     0x000000011ce6c2bc DTDKCreateNSErrorFromAMDErrorCode + 300
	1   DTDeviceKitBase                     0x000000011ce9e160 -[DTDKMobileDeviceToken _mountDeveloperDiskImage:withError:] + 692
	2   DTDeviceKitBase                     0x000000011ce9eb24 __58-[DTDKMobileDeviceToken mountDeveloperDiskImageWithError:]_block_invoke + 444
	3   libdispatch.dylib                   0x000000019f1c41b4 _dispatch_client_callout + 20
	4   libdispatch.dylib                   0x000000019f1d3414 _dispatch_lane_barrier_sync_invoke_and_complete + 56
	5   DTDeviceKitBase                     0x000000011ce9e90c -[DTDKMobileDeviceToken mountDeveloperDiskImageWithError:] + 168
	6   IDEiOSSupportCore                   0x00000001165321d8 __37-[DVTiOSDevice(Connect) hasConnected]_block_invoke_2 + 116
	7   DVTFoundation                       0x0000000106150824 __DVT_CALLING_CLIENT_BLOCK__ + 16
	8   DVTFoundation                       0x0000000106151c00 __DVTDispatchGroupAsync_block_invoke + 152
	9   libdispatch.dylib                   0x000000019f1c25f0 _dispatch_call_block_and_release + 32
	10  libdispatch.dylib                   0x000000019f1c41b4 _dispatch_client_callout + 20
	11  libdispatch.dylib                   0x000000019f1c7708 _dispatch_continuation_pop + 652
	12  libdispatch.dylib                   0x000000019f1c6cdc _dispatch_async_redirect_invoke + 584
	13  libdispatch.dylib                   0x000000019f1d58e8 _dispatch_root_queue_drain + 396
	14  libdispatch.dylib                   0x000000019f1d6104 _dispatch_worker_thread2 + 164
	15  libsystem_pthread.dylib             0x000000019f384324 _pthread_wqthread + 228
	16  libsystem_pthread.dylib             0x000000019f383080 start_wqthread + 8
);
}
--
2022-10-05 04:41:44.901 xcodebuild[82346:13061576] [MT] iPhoneConnect: 📱<DVTiOSDevice (0x124b7a2f0), iPad, iPad, 15.6.1 (19G82), 00008103-0005248A1ED3001E> == Underlying device preparation errors ==
2022-10-05 04:41:44.901 xcodebuild[82346:13061576] [MT] iPhoneConnect: Failed to prepare the device for development.
Domain: com.apple.dtdevicekit
Code: 806
Recovery Suggestion: Please unlock and reconnect the device.
User Info: {
    AssociatedMobileDeviceFunction = AMDeviceMountImage;
    DVTRadarComponentKey = 487927;
    NSLocalizedFailure = "The device is locked.";
}
--
The device is locked.
Domain: com.apple.dt.MobileDeviceErrorDomain
Code: -402652958
User Info: {
    DVTRadarComponentKey = 261622;
    MobileDeviceErrorCode = "(0xE80000E2)";
    "com.apple.dtdevicekit.stacktrace" = (
	0   DTDeviceKitBase                     0x000000011ce6c2bc DTDKCreateNSErrorFromAMDErrorCode + 300
	1   DTDeviceKitBase                     0x000000011ce9e160 -[DTDKMobileDeviceToken _mountDeveloperDiskImage:withError:] + 692
	2   DTDeviceKitBase                     0x000000011ce9eb24 __58-[DTDKMobileDeviceToken mountDeveloperDiskImageWithError:]_block_invoke + 444
	3   libdispatch.dylib                   0x000000019f1c41b4 _dispatch_client_callout + 20
	4   libdispatch.dylib                   0x000000019f1d3414 _dispatch_lane_barrier_sync_invoke_and_complete + 56
	5   DTDeviceKitBase                     0x000000011ce9e90c -[DTDKMobileDeviceToken mountDeveloperDiskImageWithError:] + 168
	6   IDEiOSSupportCore                   0x00000001165321d8 __37-[DVTiOSDevice(Connect) hasConnected]_block_invoke_2 + 116
	7   DVTFoundation                       0x0000000106150824 __DVT_CALLING_CLIENT_BLOCK__ + 16
	8   DVTFoundation                       0x0000000106151c00 __DVTDispatchGroupAsync_block_invoke + 152
	9   libdispatch.dylib                   0x000000019f1c25f0 _dispatch_call_block_and_release + 32
	10  libdispatch.dylib                   0x000000019f1c41b4 _dispatch_client_callout + 20
	11  libdispatch.dylib                   0x000000019f1c7708 _dispatch_continuation_pop + 652
	12  libdispatch.dylib                   0x000000019f1c6cdc _dispatch_async_redirect_invoke + 584
	13  libdispatch.dylib                   0x000000019f1d58e8 _dispatch_root_queue_drain + 396
	14  libdispatch.dylib                   0x000000019f1d6104 _dispatch_worker_thread2 + 164
	15  libsystem_pthread.dylib             0x000000019f384324 _pthread_wqthread + 228
	16  libsystem_pthread.dylib             0x000000019f383080 start_wqthread + 8
);
}
--
2022-10-05 04:41:44.901 xcodebuild[82346:13061576] [MT] iPhoneConnect: 📱<DVTiOSDevice (0x124b7a2f0), iPad, iPad, 15.6.1 (19G82), 00008103-0005248A1ED3001E> == END: Underlying device preparation errors ==
2022-10-05 04:41:45.418 xcodebuild[82346:13062289]  DTDeviceKit: Failed to mount DDI from '<DVTFilePath:0x124543760:'/Applications/Xcode.app/Contents/Developer/Platforms/iPhoneOS.platform/DeviceSupport/15.5/DeveloperDiskImage.dmg'>', error=-402652958: Error Domain=com.apple.dtdevicekit Code=806 "Failed to prepare the device for development." UserInfo={AssociatedMobileDeviceFunction=AMDeviceMountImage, NSUnderlyingError=0x124566d20 {Error Domain=com.apple.dt.MobileDeviceErrorDomain Code=-402652958 "The device is locked." UserInfo={MobileDeviceErrorCode=(0xE80000E2), com.apple.dtdevicekit.stacktrace=(
	0   DTDeviceKitBase                     0x000000011ce6c2bc DTDKCreateNSErrorFromAMDErrorCode + 300
	1   DTDeviceKitBase                     0x000000011ce9e160 -[DTDKMobileDeviceToken _mountDeveloperDiskImage:withError:] + 692
	2   DTDeviceKitBase                     0x000000011ce9eb24 __58-[DTDKMobileDeviceToken mountDeveloperDiskImageWithError:]_block_invoke + 444
	3   libdispatch.dylib                   0x000000019f1c41b4 _dispatch_client_callout + 20
	4   libdispatch.dylib                   0x000000019f1d3414 _dispatch_lane_barrier_sync_invoke_and_complete + 56
	5   DTDeviceKitBase                     0x000000011ce9e90c -[DTDKMobileDeviceToken mountDeveloperDiskImageWithError:] + 168
	6   IDEiOSSupportCore                   0x00000001165321d8 __37-[DVTiOSDevice(Connect) hasConnected]_block_invoke_2 + 116
	7   DVTFoundation                       0x0000000106150824 __DVT_CALLING_CLIENT_BLOCK__ + 16
	8   DVTFoundation                       0x0000000106151c00 __DVTDispatchGroupAsync_block_invoke + 152
	9   libdispatch.dylib                   0x000000019f1c25f0 _dispatch_call_block_and_release + 32
	10  libdispatch.dylib                   0x000000019f1c41b4 _dispatch_client_callout + 20
	11  libdispatch.dylib                   0x000000019f1c7708 _dispatch_continuation_pop + 652
	12  libdispatch.dylib                   0x000000019f1c6cdc _dispatch_async_redirect_invoke + 584
	13  libdispatch.dylib                   0x000000019f1d58e8 _dispatch_root_queue_drain + 396
	14  libdispatch.dylib                   0x000000019f1d6104 _dispatch_worker_thread2 + 164
	15  libsystem_pthread.dylib             0x000000019f384324 _pthread_wqthread + 228
	16  libsystem_pthread.dylib             0x000000019f383080 start_wqthread + 8
), DVTRadarComponentKey=261622, NSLocalizedDescription=The device is locked.}}, NSLocalizedRecoverySuggestion=Please unlock and reconnect the device., NSLocalizedFailure=The device is locked., DVTRadarComponentKey=487927, NSLocalizedDescription=Failed to prepare the device for development.}
2022-10-05 04:41:45.418 xcodebuild[82346:13062289]  iPhoneConnect: 📱<DVTiOSDevice (0x124b7a2f0), iPad, iPad, 15.6.1 (19G82), 00008103-0005248A1ED3001E> unable to mount developer disk image, (Error Domain=com.apple.dtdevicekit Code=806 "Failed to prepare the device for development." UserInfo={AssociatedMobileDeviceFunction=AMDeviceMountImage, NSUnderlyingError=0x124566d20 {Error Domain=com.apple.dt.MobileDeviceErrorDomain Code=-402652958 "The device is locked." UserInfo={MobileDeviceErrorCode=(0xE80000E2), com.apple.dtdevicekit.stacktrace=(
	0   DTDeviceKitBase                     0x000000011ce6c2bc DTDKCreateNSErrorFromAMDErrorCode + 300
	1   DTDeviceKitBase                     0x000000011ce9e160 -[DTDKMobileDeviceToken _mountDeveloperDiskImage:withError:] + 692
	2   DTDeviceKitBase                     0x000000011ce9eb24 __58-[DTDKMobileDeviceToken mountDeveloperDiskImageWithError:]_block_invoke + 444
	3   libdispatch.dylib                   0x000000019f1c41b4 _dispatch_client_callout + 20
	4   libdispatch.dylib                   0x000000019f1d3414 _dispatch_lane_barrier_sync_invoke_and_complete + 56
	5   DTDeviceKitBase                     0x000000011ce9e90c -[DTDKMobileDeviceToken mountDeveloperDiskImageWithError:] + 168
	6   IDEiOSSupportCore                   0x00000001165321d8 __37-[DVTiOSDevice(Connect) hasConnected]_block_invoke_2 + 116
	7   DVTFoundation                       0x0000000106150824 __DVT_CALLING_CLIENT_BLOCK__ + 16
	8   DVTFoundation                       0x0000000106151c00 __DVTDispatchGroupAsync_block_invoke + 152
	9   libdispatch.dylib                   0x000000019f1c25f0 _dispatch_call_block_and_release + 32
	10  libdispatch.dylib                   0x000000019f1c41b4 _dispatch_client_callout + 20
	11  libdispatch.dylib                   0x000000019f1c7708 _dispatch_continuation_pop + 652
	12  libdispatch.dylib                   0x000000019f1c6cdc _dispatch_async_redirect_invoke + 584
	13  libdispatch.dylib                   0x000000019f1d58e8 _dispatch_root_queue_drain + 396
	14  libdispatch.dylib                   0x000000019f1d6104 _dispatch_worker_thread2 + 164
	15  libsystem_pthread.dylib             0x000000019f384324 _pthread_wqthread + 228
	16  libsystem_pthread.dylib             0x000000019f383080 start_wqthread + 8
), DVTRadarComponentKey=261622, NSLocalizedDescription=The device is locked.}}, NSLocalizedRecoverySuggestion=Please unlock and reconnect the device., NSLocalizedFailure=The device is locked., DVTRadarComponentKey=487927, NSLocalizedDescription=Failed to prepare the device for development.}) {
    AssociatedMobileDeviceFunction = AMDeviceMountImage;
    DVTRadarComponentKey = 487927;
    NSLocalizedDescription = "Failed to prepare the device for development.";
    NSLocalizedFailure = "The device is locked.";
    NSLocalizedRecoverySuggestion = "Please unlock and reconnect the device.";
    NSUnderlyingError = "Error Domain=com.apple.dt.MobileDeviceErrorDomain Code=-402652958 \"The device is locked.\" UserInfo={MobileDeviceErrorCode=(0xE80000E2), com.apple.dtdevicekit.stacktrace=(\n\t0   DTDeviceKitBase                     0x000000011ce6c2bc DTDKCreateNSErrorFromAMDErrorCode + 300\n\t1   DTDeviceKitBase                     0x000000011ce9e160 -[DTDKMobileDeviceToken _mountDeveloperDiskImage:withError:] + 692\n\t2   DTDeviceKitBase                     0x000000011ce9eb24 __58-[DTDKMobileDeviceToken mountDeveloperDiskImageWithError:]_block_invoke + 444\n\t3   libdispatch.dylib                   0x000000019f1c41b4 _dispatch_client_callout + 20\n\t4   libdispatch.dylib                   0x000000019f1d3414 _dispatch_lane_barrier_sync_invoke_and_complete + 56\n\t5   DTDeviceKitBase                     0x000000011ce9e90c -[DTDKMobileDeviceToken mountDeveloperDiskImageWithError:] + 168\n\t6   IDEiOSSupportCore                   0x00000001165321d8 __37-[DVTiOSDevice(Connect) hasConnected]_block_invoke_2 + 116\n\t7   DVTFoundation                       0x0000000106150824 __DVT_CALLING_CLIENT_BLOCK__ + 16\n\t8   DVTFoundation                       0x0000000106151c00 __DVTDispatchGroupAsync_block_invoke + 152\n\t9   libdispatch.dylib                   0x000000019f1c25f0 _dispatch_call_block_and_release + 32\n\t10  libdispatch.dylib                   0x000000019f1c41b4 _dispatch_client_callout + 20\n\t11  libdispatch.dylib                   0x000000019f1c7708 _dispatch_continuation_pop + 652\n\t12  libdispatch.dylib                   0x000000019f1c6cdc _dispatch_async_redirect_invoke + 584\n\t13  libdispatch.dylib                   0x000000019f1d58e8 _dispatch_root_queue_drain + 396\n\t14  libdispatch.dylib                   0x000000019f1d6104 _dispatch_worker_thread2 + 164\n\t15  libsystem_pthread.dylib             0x000000019f384324 _pthread_wqthread + 228\n\t16  libsystem_pthread.dylib             0x000000019f383080 start_wqthread + 8\n), DVTRadarComponentKey=261622, NSLocalizedDescription=The device is locked.}";
}
2022-10-05 04:41:45.419 xcodebuild[82346:13061576] [MT] iPhoneConnect: 📱<DVTiOSDevice (0x124b7a2f0), iPad, iPad, 15.6.1 (19G82), 00008103-0005248A1ED3001E> -- An error occurred whilst preparing device for development -- Failed to prepare the device for development.
Domain: com.apple.dtdevicekit
Code: 806
Recovery Suggestion: Please unlock and reconnect the device.
User Info: {
    AssociatedMobileDeviceFunction = AMDeviceMountImage;
    DVTRadarComponentKey = 487927;
    NSLocalizedFailure = "The device is locked.";
}
--
The device is locked.
Domain: com.apple.dt.MobileDeviceErrorDomain
Code: -402652958
User Info: {
    DVTRadarComponentKey = 261622;
    MobileDeviceErrorCode = "(0xE80000E2)";
    "com.apple.dtdevicekit.stacktrace" = (
	0   DTDeviceKitBase                     0x000000011ce6c2bc DTDKCreateNSErrorFromAMDErrorCode + 300
	1   DTDeviceKitBase                     0x000000011ce9e160 -[DTDKMobileDeviceToken _mountDeveloperDiskImage:withError:] + 692
	2   DTDeviceKitBase                     0x000000011ce9eb24 __58-[DTDKMobileDeviceToken mountDeveloperDiskImageWithError:]_block_invoke + 444
	3   libdispatch.dylib                   0x000000019f1c41b4 _dispatch_client_callout + 20
	4   libdispatch.dylib                   0x000000019f1d3414 _dispatch_lane_barrier_sync_invoke_and_complete + 56
	5   DTDeviceKitBase                     0x000000011ce9e90c -[DTDKMobileDeviceToken mountDeveloperDiskImageWithError:] + 168
	6   IDEiOSSupportCore                   0x00000001165321d8 __37-[DVTiOSDevice(Connect) hasConnected]_block_invoke_2 + 116
	7   DVTFoundation                       0x0000000106150824 __DVT_CALLING_CLIENT_BLOCK__ + 16
	8   DVTFoundation                       0x0000000106151c00 __DVTDispatchGroupAsync_block_invoke + 152
	9   libdispatch.dylib                   0x000000019f1c25f0 _dispatch_call_block_and_release + 32
	10  libdispatch.dylib                   0x000000019f1c41b4 _dispatch_client_callout + 20
	11  libdispatch.dylib                   0x000000019f1c7708 _dispatch_continuation_pop + 652
	12  libdispatch.dylib                   0x000000019f1c6cdc _dispatch_async_redirect_invoke + 584
	13  libdispatch.dylib                   0x000000019f1d58e8 _dispatch_root_queue_drain + 396
	14  libdispatch.dylib                   0x000000019f1d6104 _dispatch_worker_thread2 + 164
	15  libsystem_pthread.dylib             0x000000019f384324 _pthread_wqthread + 228
	16  libsystem_pthread.dylib             0x000000019f383080 start_wqthread + 8
);
}
--
2022-10-05 04:41:45.419 xcodebuild[82346:13061576] [MT] iPhoneConnect: 📱<DVTiOSDevice (0x124b7a2f0), iPad, iPad, 15.6.1 (19G82), 00008103-0005248A1ED3001E> == Underlying device preparation errors ==
2022-10-05 04:41:45.419 xcodebuild[82346:13061576] [MT] iPhoneConnect: Failed to prepare the device for development.
Domain: com.apple.dtdevicekit
Code: 806
Recovery Suggestion: Please unlock and reconnect the device.
User Info: {
    AssociatedMobileDeviceFunction = AMDeviceMountImage;
    DVTRadarComponentKey = 487927;
    NSLocalizedFailure = "The device is locked.";
}
--
The device is locked.
Domain: com.apple.dt.MobileDeviceErrorDomain
Code: -402652958
User Info: {
    DVTRadarComponentKey = 261622;
    MobileDeviceErrorCode = "(0xE80000E2)";
    "com.apple.dtdevicekit.stacktrace" = (
	0   DTDeviceKitBase                     0x000000011ce6c2bc DTDKCreateNSErrorFromAMDErrorCode + 300
	1   DTDeviceKitBase                     0x000000011ce9e160 -[DTDKMobileDeviceToken _mountDeveloperDiskImage:withError:] + 692
	2   DTDeviceKitBase                     0x000000011ce9eb24 __58-[DTDKMobileDeviceToken mountDeveloperDiskImageWithError:]_block_invoke + 444
	3   libdispatch.dylib                   0x000000019f1c41b4 _dispatch_client_callout + 20
	4   libdispatch.dylib                   0x000000019f1d3414 _dispatch_lane_barrier_sync_invoke_and_complete + 56
	5   DTDeviceKitBase                     0x000000011ce9e90c -[DTDKMobileDeviceToken mountDeveloperDiskImageWithError:] + 168
	6   IDEiOSSupportCore                   0x00000001165321d8 __37-[DVTiOSDevice(Connect) hasConnected]_block_invoke_2 + 116
	7   DVTFoundation                       0x0000000106150824 __DVT_CALLING_CLIENT_BLOCK__ + 16
	8   DVTFoundation                       0x0000000106151c00 __DVTDispatchGroupAsync_block_invoke + 152
	9   libdispatch.dylib                   0x000000019f1c25f0 _dispatch_call_block_and_release + 32
	10  libdispatch.dylib                   0x000000019f1c41b4 _dispatch_client_callout + 20
	11  libdispatch.dylib                   0x000000019f1c7708 _dispatch_continuation_pop + 652
	12  libdispatch.dylib                   0x000000019f1c6cdc _dispatch_async_redirect_invoke + 584
	13  libdispatch.dylib                   0x000000019f1d58e8 _dispatch_root_queue_drain + 396
	14  libdispatch.dylib                   0x000000019f1d6104 _dispatch_worker_thread2 + 164
	15  libsystem_pthread.dylib             0x000000019f384324 _pthread_wqthread + 228
	16  libsystem_pthread.dylib             0x000000019f383080 start_wqthread + 8
);
}
--
2022-10-05 04:41:45.419 xcodebuild[82346:13061576] [MT] iPhoneConnect: 📱<DVTiOSDevice (0x124b7a2f0), iPad, iPad, 15.6.1 (19G82), 00008103-0005248A1ED3001E> == END: Underlying device preparation errors ==
