Command line invocation:
    /Applications/Xcode.app/Contents/Developer/usr/bin/xcodebuild -workspace /Users/zacmoss/Documents/makers/final-project-frontend/ios/awesomeproject.xcworkspace -configuration Debug -scheme awesomeproject -destination id=1FE5F6CD-7F42-4663-82D0-81D2938DEAB1

User defaults from command line:
    IDEPackageSupportUseBuiltinSCM = YES

note: Using new build system
note: Planning
Analyze workspace

Create build description
Build description signature: 64fb1f891eace1c19d12d35c811e670d
Build description path: /Users/zacmoss/Library/Developer/Xcode/DerivedData/awesomeproject-dsazsulrbuptiwgtnoqdelanhvmx/Build/Intermediates.noindex/XCBuildData/64fb1f891eace1c19d12d35c811e670d-desc.xcbuild

note: Build preparation complete
note: Building targets in dependency order
PhaseScriptExecution [CP-User]\ Generate\ Specs /Users/zacmoss/Library/Developer/Xcode/DerivedData/awesomeproject-dsazsulrbuptiwgtnoqdelanhvmx/Build/Intermediates.noindex/Pods.build/Debug-iphonesimulator/FBReactNativeSpec.build/Script-46EB2E00010D40.sh (in target 'FBReactNativeSpec' from project 'Pods')
    cd /Users/zacmoss/Documents/makers/final-project-frontend/ios/Pods
    export ACTION\=build
    export AD_HOC_CODE_SIGNING_ALLOWED\=YES
    export ALLOW_TARGET_PLATFORM_SPECIALIZATION\=NO
    export ALTERNATE_GROUP\=staff
    export ALTERNATE_MODE\=u+w,go-w,a+rX
    export ALTERNATE_OWNER\=zacmoss
    export ALWAYS_EMBED_SWIFT_STANDARD_LIBRARIES\=NO
    export ALWAYS_SEARCH_USER_PATHS\=NO
    export ALWAYS_USE_SEPARATE_HEADERMAPS\=NO
    export APPLE_INTERNAL_DEVELOPER_DIR\=/AppleInternal/Developer
    export APPLE_INTERNAL_DIR\=/AppleInternal
    export APPLE_INTERNAL_DOCUMENTATION_DIR\=/AppleInternal/Documentation
    export APPLE_INTERNAL_LIBRARY_DIR\=/AppleInternal/Library
    export APPLE_INTERNAL_TOOLS\=/AppleInternal/Developer/Tools
    export APPLICATION_EXTENSION_API_ONLY\=NO
    export APPLY_RULES_IN_COPY_FILES\=NO
    export APPLY_RULES_IN_COPY_HEADERS\=NO
    export ARCHS\=x86_64
    export ARCHS_STANDARD\=arm64\ x86_64
    export ARCHS_STANDARD_32_64_BIT\=arm64\ i386\ x86_64
    export ARCHS_STANDARD_32_BIT\=i386
    export ARCHS_STANDARD_64_BIT\=arm64\ x86_64
    export ARCHS_STANDARD_INCLUDING_64_BIT\=arm64\ x86_64
    export ARCHS_UNIVERSAL_IPHONE_OS\=arm64\ i386\ x86_64
    export ASSETCATALOG_COMPILER_APPICON_NAME\=AppIcon
    export ASSETCATALOG_COMPILER_GLOBAL_ACCENT_COLOR_NAME\=AccentColor
    export ASSETCATALOG_FILTER_FOR_DEVICE_MODEL\=iPhone14,6
    export ASSETCATALOG_FILTER_FOR_DEVICE_OS_VERSION\=15.5
    export AVAILABLE_PLATFORMS\=appletvos\ appletvsimulator\ driverkit\ iphoneos\ iphonesimulator\ macosx\ watchos\ watchsimulator
    export BITCODE_GENERATION_MODE\=marker
    export BUILD_ACTIVE_RESOURCES_ONLY\=YES
    export BUILD_COMPONENTS\=headers\ build
    export BUILD_DIR\=/Users/zacmoss/Library/Developer/Xcode/DerivedData/awesomeproject-dsazsulrbuptiwgtnoqdelanhvmx/Build/Products
    export BUILD_LIBRARY_FOR_DISTRIBUTION\=NO
    export BUILD_ROOT\=/Users/zacmoss/Library/Developer/Xcode/DerivedData/awesomeproject-dsazsulrbuptiwgtnoqdelanhvmx/Build/Products
    export BUILD_STYLE\=
    export BUILD_VARIANTS\=normal
    export BUILT_PRODUCTS_DIR\=/Users/zacmoss/Library/Developer/Xcode/DerivedData/awesomeproject-dsazsulrbuptiwgtnoqdelanhvmx/Build/Products/Debug-iphonesimulator/FBReactNativeSpec
    export BUNDLE_CONTENTS_FOLDER_PATH_deep\=Contents/
    export BUNDLE_EXECUTABLE_FOLDER_NAME_deep\=MacOS
    export BUNDLE_FORMAT\=shallow
    export BUNDLE_FRAMEWORKS_FOLDER_PATH\=Frameworks
    export BUNDLE_PLUGINS_FOLDER_PATH\=PlugIns
    export BUNDLE_PRIVATE_HEADERS_FOLDER_PATH\=PrivateHeaders
    export BUNDLE_PUBLIC_HEADERS_FOLDER_PATH\=Headers
    export CACHE_ROOT\=/var/folders/xz/9zqnwc094vxcnyszsj0wpg_00000gn/C/com.apple.DeveloperTools/13.4.1-13F100/Xcode
    export CCHROOT\=/var/folders/xz/9zqnwc094vxcnyszsj0wpg_00000gn/C/com.apple.DeveloperTools/13.4.1-13F100/Xcode
    export CHMOD\=/bin/chmod
    export CHOWN\=/usr/sbin/chown
    export CLANG_ANALYZER_LOCALIZABILITY_NONLOCALIZED\=YES
    export CLANG_ANALYZER_NONNULL\=YES
    export CLANG_ANALYZER_NUMBER_OBJECT_CONVERSION\=YES_AGGRESSIVE
    export CLANG_CXX_LANGUAGE_STANDARD\=c++17
    export CLANG_CXX_LIBRARY\=libc++
    export CLANG_ENABLE_MODULES\=YES
    export CLANG_ENABLE_OBJC_ARC\=YES
    export CLANG_ENABLE_OBJC_WEAK\=NO
    export CLANG_MODULES_BUILD_SESSION_FILE\=/Users/zacmoss/Library/Developer/Xcode/DerivedData/ModuleCache.noindex/Session.modulevalidation
    export CLANG_WARN_BLOCK_CAPTURE_AUTORELEASING\=YES
    export CLANG_WARN_BOOL_CONVERSION\=YES
    export CLANG_WARN_COMMA\=YES
    export CLANG_WARN_CONSTANT_CONVERSION\=YES
    export CLANG_WARN_DEPRECATED_OBJC_IMPLEMENTATIONS\=YES
    export CLANG_WARN_DIRECT_OBJC_ISA_USAGE\=YES_ERROR
    export CLANG_WARN_DOCUMENTATION_COMMENTS\=YES
    export CLANG_WARN_EMPTY_BODY\=YES
    export CLANG_WARN_ENUM_CONVERSION\=YES
    export CLANG_WARN_INFINITE_RECURSION\=YES
    export CLANG_WARN_INT_CONVERSION\=YES
    export CLANG_WARN_NON_LITERAL_NULL_CONVERSION\=YES
    export CLANG_WARN_OBJC_IMPLICIT_RETAIN_SELF\=YES
    export CLANG_WARN_OBJC_LITERAL_CONVERSION\=YES
    export CLANG_WARN_OBJC_ROOT_CLASS\=YES_ERROR
    export CLANG_WARN_QUOTED_INCLUDE_IN_FRAMEWORK_HEADER\=NO
    export CLANG_WARN_RANGE_LOOP_ANALYSIS\=YES
    export CLANG_WARN_STRICT_PROTOTYPES\=YES
    export CLANG_WARN_SUSPICIOUS_MOVE\=YES
    export CLANG_WARN_UNGUARDED_AVAILABILITY\=YES_AGGRESSIVE
    export CLANG_WARN_UNREACHABLE_CODE\=YES
    export CLANG_WARN__DUPLICATE_METHOD_MATCH\=YES
    export CLASS_FILE_DIR\=/Users/zacmoss/Library/Developer/Xcode/DerivedData/awesomeproject-dsazsulrbuptiwgtnoqdelanhvmx/Build/Intermediates.noindex/Pods.build/Debug-iphonesimulator/FBReactNativeSpec.build/JavaClasses
    export CLEAN_PRECOMPS\=YES
    export CLONE_HEADERS\=NO
    export CODESIGNING_FOLDER_PATH\=/Users/zacmoss/Library/Developer/Xcode/DerivedData/awesomeproject-dsazsulrbuptiwgtnoqdelanhvmx/Build/Products/Debug-iphonesimulator/FBReactNativeSpec/
    export CODE_SIGNING_ALLOWED\=NO
    export CODE_SIGNING_REQUIRED\=YES
    export CODE_SIGN_CONTEXT_CLASS\=XCiPhoneSimulatorCodeSignContext
    export CODE_SIGN_IDENTITY\=-
    export CODE_SIGN_INJECT_BASE_ENTITLEMENTS\=YES
    export COLOR_DIAGNOSTICS\=NO
    export COMBINE_HIDPI_IMAGES\=NO
    export COMPILER_INDEX_STORE_ENABLE\=Default
    export COMPOSITE_SDK_DIRS\=/Users/zacmoss/Library/Developer/Xcode/DerivedData/awesomeproject-dsazsulrbuptiwgtnoqdelanhvmx/Build/Intermediates.noindex/CompositeSDKs
    export COMPRESS_PNG_FILES\=YES
    export CONFIGURATION\=Debug
    export CONFIGURATION_BUILD_DIR\=/Users/zacmoss/Library/Developer/Xcode/DerivedData/awesomeproject-dsazsulrbuptiwgtnoqdelanhvmx/Build/Products/Debug-iphonesimulator/FBReactNativeSpec
    export CONFIGURATION_TEMP_DIR\=/Users/zacmoss/Library/Developer/Xcode/DerivedData/awesomeproject-dsazsulrbuptiwgtnoqdelanhvmx/Build/Intermediates.noindex/Pods.build/Debug-iphonesimulator
    export COPYING_PRESERVES_HFS_DATA\=NO
    export COPY_HEADERS_RUN_UNIFDEF\=NO
    export COPY_PHASE_STRIP\=NO
    export COPY_RESOURCES_FROM_STATIC_FRAMEWORKS\=YES
    export CORRESPONDING_DEVICE_PLATFORM_DIR\=/Applications/Xcode.app/Contents/Developer/Platforms/iPhoneOS.platform
    export CORRESPONDING_DEVICE_PLATFORM_NAME\=iphoneos
    export CORRESPONDING_DEVICE_SDK_DIR\=/Applications/Xcode.app/Contents/Developer/Platforms/iPhoneOS.platform/Developer/SDKs/iPhoneOS15.5.sdk
    export CORRESPONDING_DEVICE_SDK_NAME\=iphoneos15.5
    export CP\=/bin/cp
    export CREATE_INFOPLIST_SECTION_IN_BINARY\=NO
    export CURRENT_ARCH\=undefined_arch
    export CURRENT_VARIANT\=normal
    export DEAD_CODE_STRIPPING\=YES
    export DEBUGGING_SYMBOLS\=YES
    export DEBUG_INFORMATION_FORMAT\=dwarf
    export DEFAULT_COMPILER\=com.apple.compilers.llvm.clang.1_0
    export DEFAULT_DEXT_INSTALL_PATH\=/System/Library/DriverExtensions
    export DEFAULT_KEXT_INSTALL_PATH\=/System/Library/Extensions
    export DEFINES_MODULE\=NO
    export DEPLOYMENT_LOCATION\=NO
    export DEPLOYMENT_POSTPROCESSING\=NO
    export DEPLOYMENT_TARGET_SETTING_NAME\=IPHONEOS_DEPLOYMENT_TARGET
    export DEPLOYMENT_TARGET_SUGGESTED_VALUES\=9.0\ 9.1\ 9.2\ 9.3\ 10.0\ 10.1\ 10.2\ 10.3\ 11.0\ 11.1\ 11.2\ 11.3\ 11.4\ 12.0\ 12.1\ 12.2\ 12.3\ 12.4\ 13.0\ 13.1\ 13.2\ 13.3\ 13.4\ 13.5\ 13.6\ 14.0\ 14.1\ 14.2\ 14.3\ 14.4\ 14.5\ 14.6\ 14.7\ 15.0\ 15.1\ 15.2\ 15.3\ 15.4\ 15.5
    export DERIVED_FILES_DIR\=/Users/zacmoss/Library/Developer/Xcode/DerivedData/awesomeproject-dsazsulrbuptiwgtnoqdelanhvmx/Build/Intermediates.noindex/Pods.build/Debug-iphonesimulator/FBReactNativeSpec.build/DerivedSources
    export DERIVED_FILE_DIR\=/Users/zacmoss/Library/Developer/Xcode/DerivedData/awesomeproject-dsazsulrbuptiwgtnoqdelanhvmx/Build/Intermediates.noindex/Pods.build/Debug-iphonesimulator/FBReactNativeSpec.build/DerivedSources
    export DERIVED_SOURCES_DIR\=/Users/zacmoss/Library/Developer/Xcode/DerivedData/awesomeproject-dsazsulrbuptiwgtnoqdelanhvmx/Build/Intermediates.noindex/Pods.build/Debug-iphonesimulator/FBReactNativeSpec.build/DerivedSources
    export DEVELOPER_APPLICATIONS_DIR\=/Applications/Xcode.app/Contents/Developer/Applications
    export DEVELOPER_BIN_DIR\=/Applications/Xcode.app/Contents/Developer/usr/bin
    export DEVELOPER_DIR\=/Applications/Xcode.app/Contents/Developer
    export DEVELOPER_FRAMEWORKS_DIR\=/Applications/Xcode.app/Contents/Developer/Library/Frameworks
    export DEVELOPER_FRAMEWORKS_DIR_QUOTED\=/Applications/Xcode.app/Contents/Developer/Library/Frameworks
    export DEVELOPER_LIBRARY_DIR\=/Applications/Xcode.app/Contents/Developer/Library
    export DEVELOPER_SDK_DIR\=/Applications/Xcode.app/Contents/Developer/Platforms/MacOSX.platform/Developer/SDKs
    export DEVELOPER_TOOLS_DIR\=/Applications/Xcode.app/Contents/Developer/Tools
    export DEVELOPER_USR_DIR\=/Applications/Xcode.app/Contents/Developer/usr
    export DEVELOPMENT_LANGUAGE\=en
    export DONT_GENERATE_INFOPLIST_FILE\=NO
    export DO_HEADER_SCANNING_IN_JAM\=NO
    export DSTROOT\=/tmp/Pods.dst
    export DT_TOOLCHAIN_DIR\=/Applications/Xcode.app/Contents/Developer/Toolchains/XcodeDefault.xctoolchain
    export DWARF_DSYM_FILE_NAME\=.dSYM
    export DWARF_DSYM_FILE_SHOULD_ACCOMPANY_PRODUCT\=NO
    export DWARF_DSYM_FOLDER_PATH\=/Users/zacmoss/Library/Developer/Xcode/DerivedData/awesomeproject-dsazsulrbuptiwgtnoqdelanhvmx/Build/Products/Debug-iphonesimulator/FBReactNativeSpec
    export DYNAMIC_LIBRARY_EXTENSION\=dylib
    export EFFECTIVE_PLATFORM_NAME\=-iphonesimulator
    export EMBEDDED_CONTENT_CONTAINS_SWIFT\=NO
    export EMBED_ASSET_PACKS_IN_PRODUCT_BUNDLE\=NO
    export ENABLE_APP_SANDBOX\=NO
    export ENABLE_BITCODE\=NO
    export ENABLE_DEFAULT_HEADER_SEARCH_PATHS\=YES
    export ENABLE_DEFAULT_SEARCH_PATHS\=YES
    export ENABLE_HARDENED_RUNTIME\=NO
    export ENABLE_HEADER_DEPENDENCIES\=YES
    export ENABLE_ON_DEMAND_RESOURCES\=NO
    export ENABLE_PREVIEWS\=NO
    export ENABLE_STRICT_OBJC_MSGSEND\=YES
    export ENABLE_TESTABILITY\=YES
    export ENABLE_TESTING_SEARCH_PATHS\=NO
    export ENTITLEMENTS_DESTINATION\=__entitlements
    export ENTITLEMENTS_REQUIRED\=YES
    export EXCLUDED_INSTALLSRC_SUBDIRECTORY_PATTERNS\=.DS_Store\ .svn\ .git\ .hg\ CVS
    export EXCLUDED_RECURSIVE_SEARCH_PATH_SUBDIRECTORIES\=\*.nib\ \*.lproj\ \*.framework\ \*.gch\ \*.xcode\*\ \*.xcassets\ \(\*\)\ .DS_Store\ CVS\ .svn\ .git\ .hg\ \*.pbproj\ \*.pbxproj
    export FILE_LIST\=/Users/zacmoss/Library/Developer/Xcode/DerivedData/awesomeproject-dsazsulrbuptiwgtnoqdelanhvmx/Build/Intermediates.noindex/Pods.build/Debug-iphonesimulator/FBReactNativeSpec.build/Objects/LinkFileList
    export FIXED_FILES_DIR\=/Users/zacmoss/Library/Developer/Xcode/DerivedData/awesomeproject-dsazsulrbuptiwgtnoqdelanhvmx/Build/Intermediates.noindex/Pods.build/Debug-iphonesimulator/FBReactNativeSpec.build/FixedFiles
    export FRAMEWORK_VERSION\=A
    export GCC3_VERSION\=3.3
    export GCC_C_LANGUAGE_STANDARD\=gnu11
    export GCC_DYNAMIC_NO_PIC\=NO
    export GCC_NO_COMMON_BLOCKS\=YES
    export GCC_OBJC_LEGACY_DISPATCH\=YES
    export GCC_OPTIMIZATION_LEVEL\=0
    export GCC_PFE_FILE_C_DIALECTS\=c\ objective-c\ c++\ objective-c++
    export GCC_PREPROCESSOR_DEFINITIONS\=POD_CONFIGURATION_DEBUG\=1\ DEBUG\=1\ \ COCOAPODS\=1
    export GCC_TREAT_WARNINGS_AS_ERRORS\=NO
    export GCC_VERSION\=com.apple.compilers.llvm.clang.1_0
    export GCC_VERSION_IDENTIFIER\=com_apple_compilers_llvm_clang_1_0
    export GCC_WARN_64_TO_32_BIT_CONVERSION\=YES
    export GCC_WARN_ABOUT_RETURN_TYPE\=YES_ERROR
    export GCC_WARN_UNDECLARED_SELECTOR\=YES
    export GCC_WARN_UNINITIALIZED_AUTOS\=YES_AGGRESSIVE
    export GCC_WARN_UNUSED_FUNCTION\=YES
    export GCC_WARN_UNUSED_VARIABLE\=YES
    export GENERATED_MODULEMAP_DIR\=/Users/zacmoss/Library/Developer/Xcode/DerivedData/awesomeproject-dsazsulrbuptiwgtnoqdelanhvmx/Build/Intermediates.noindex/GeneratedModuleMaps-iphonesimulator
    export GENERATE_INFOPLIST_FILE\=NO
    export GENERATE_MASTER_OBJECT_FILE\=NO
    export GENERATE_PKGINFO_FILE\=NO
    export GENERATE_PROFILING_CODE\=NO
    export GENERATE_TEXT_BASED_STUBS\=NO
    export GID\=20
    export GROUP\=staff
    export HEADERMAP_INCLUDES_FLAT_ENTRIES_FOR_TARGET_BEING_BUILT\=YES
    export HEADERMAP_INCLUDES_FRAMEWORK_ENTRIES_FOR_ALL_PRODUCT_TYPES\=YES
    export HEADERMAP_INCLUDES_NONPUBLIC_NONPRIVATE_HEADERS\=YES
    export HEADERMAP_INCLUDES_PROJECT_HEADERS\=YES
    export HEADERMAP_USES_FRAMEWORK_PREFIX_ENTRIES\=YES
    export HEADERMAP_USES_VFS\=NO
    export HEADER_SEARCH_PATHS\=\ \"/Users/zacmoss/Documents/makers/final-project-frontend/ios/Pods/Headers/Public\"\ \"/Users/zacmoss/Documents/makers/final-project-frontend/ios/Pods/Headers/Public/DoubleConversion\"\ \"/Users/zacmoss/Documents/makers/final-project-frontend/ios/Pods/Headers/Public/FBLazyVector\"\ \"/Users/zacmoss/Documents/makers/final-project-frontend/ios/Pods/Headers/Public/RCT-Folly\"\ \"/Users/zacmoss/Documents/makers/final-project-frontend/ios/Pods/Headers/Public/RCTRequired\"\ \"/Users/zacmoss/Documents/makers/final-project-frontend/ios/Pods/Headers/Public/RCTTypeSafety\"\ \"/Users/zacmoss/Documents/makers/final-project-frontend/ios/Pods/Headers/Public/React-Core\"\ \"/Users/zacmoss/Documents/makers/final-project-frontend/ios/Pods/Headers/Public/React-bridging\"\ \"/Users/zacmoss/Documents/makers/final-project-frontend/ios/Pods/Headers/Public/React-callinvoker\"\ \"/Users/zacmoss/Documents/makers/final-project-frontend/ios/Pods/Headers/Public/React-cxxreact\"\ \"/Users/zacmoss/Documents/makers/final-project-frontend/ios/Pods/Headers/Public/React-jsi\"\ \"/Users/zacmoss/Documents/makers/final-project-frontend/ios/Pods/Headers/Public/React-jsiexecutor\"\ \"/Users/zacmoss/Documents/makers/final-project-frontend/ios/Pods/Headers/Public/React-jsinspector\"\ \"/Users/zacmoss/Documents/makers/final-project-frontend/ios/Pods/Headers/Public/React-logger\"\ \"/Users/zacmoss/Documents/makers/final-project-frontend/ios/Pods/Headers/Public/React-perflogger\"\ \"/Users/zacmoss/Documents/makers/final-project-frontend/ios/Pods/Headers/Public/React-runtimeexecutor\"\ \"/Users/zacmoss/Documents/makers/final-project-frontend/ios/Pods/Headers/Public/ReactCommon\"\ \"/Users/zacmoss/Documents/makers/final-project-frontend/ios/Pods/Headers/Public/Yoga\"\ \"/Users/zacmoss/Documents/makers/final-project-frontend/ios/Pods/Headers/Public/fmt\"\ \"/Users/zacmoss/Documents/makers/final-project-frontend/ios/Pods/Headers/Public/glog\"\ \"/Users/zacmoss/Documents/makers/final-project-frontend/ios/Pods/RCT-Folly\"\ \"/Users/zacmoss/Documents/makers/final-project-frontend/ios/Pods/Headers/Private/React-bridging/react/bridging\"\ \"/Users/zacmoss/Library/Developer/Xcode/DerivedData/awesomeproject-dsazsulrbuptiwgtnoqdelanhvmx/Build/Products/Debug-iphonesimulator/React-bridging/react_bridging.framework/Headers\"\ \ 
    export HIDE_BITCODE_SYMBOLS\=YES
    export HOME\=/Users/zacmoss
    export ICONV\=/usr/bin/iconv
    export INFOPLIST_EXPAND_BUILD_SETTINGS\=YES
    export INFOPLIST_OUTPUT_FORMAT\=binary
    export INFOPLIST_PREPROCESS\=NO
    export INLINE_PRIVATE_FRAMEWORKS\=NO
    export INSTALLHDRS_COPY_PHASE\=NO
    export INSTALLHDRS_SCRIPT_PHASE\=NO
    export INSTALL_DIR\=/tmp/Pods.dst
    export INSTALL_GROUP\=staff
    export INSTALL_MODE_FLAG\=u+w,go-w,a+rX
    export INSTALL_OWNER\=zacmoss
    export INSTALL_ROOT\=/tmp/Pods.dst
    export IPHONEOS_DEPLOYMENT_TARGET\=12.4
    export JAVAC_DEFAULT_FLAGS\=-J-Xms64m\ -J-XX:NewSize\=4M\ -J-Dfile.encoding\=UTF8
    export JAVA_APP_STUB\=/System/Library/Frameworks/JavaVM.framework/Resources/MacOS/JavaApplicationStub
    export JAVA_ARCHIVE_CLASSES\=YES
    export JAVA_ARCHIVE_TYPE\=JAR
    export JAVA_COMPILER\=/usr/bin/javac
    export JAVA_FRAMEWORK_RESOURCES_DIRS\=Resources
    export JAVA_JAR_FLAGS\=cv
    export JAVA_SOURCE_SUBDIR\=.
    export JAVA_USE_DEPENDENCIES\=YES
    export JAVA_ZIP_FLAGS\=-urg
    export JIKES_DEFAULT_FLAGS\=+E\ +OLDCSO
    export KEEP_PRIVATE_EXTERNS\=NO
    export LD_DEPENDENCY_INFO_FILE\=/Users/zacmoss/Library/Developer/Xcode/DerivedData/awesomeproject-dsazsulrbuptiwgtnoqdelanhvmx/Build/Intermediates.noindex/Pods.build/Debug-iphonesimulator/FBReactNativeSpec.build/Objects-normal/undefined_arch/FBReactNativeSpec_dependency_info.dat
    export LD_GENERATE_MAP_FILE\=NO
    export LD_MAP_FILE_PATH\=/Users/zacmoss/Library/Developer/Xcode/DerivedData/awesomeproject-dsazsulrbuptiwgtnoqdelanhvmx/Build/Intermediates.noindex/Pods.build/Debug-iphonesimulator/FBReactNativeSpec.build/FBReactNativeSpec-LinkMap-normal-undefined_arch.txt
    export LD_NO_PIE\=NO
    export LD_QUOTE_LINKER_ARGUMENTS_FOR_COMPILER_DRIVER\=YES
    export LD_RUNPATH_SEARCH_PATHS\=\ @executable_path/Frameworks
    export LEGACY_DEVELOPER_DIR\=/Applications/Xcode.app/Contents/PlugIns/Xcode3Core.ideplugin/Contents/SharedSupport/Developer
    export LEX\=lex
    export LIBRARY_DEXT_INSTALL_PATH\=/Library/DriverExtensions
    export LIBRARY_FLAG_NOSPACE\=YES
    export LIBRARY_KEXT_INSTALL_PATH\=/Library/Extensions
    export LINKER_DISPLAYS_MANGLED_NAMES\=NO
    export LINK_FILE_LIST_normal_x86_64\=/Users/zacmoss/Library/Developer/Xcode/DerivedData/awesomeproject-dsazsulrbuptiwgtnoqdelanhvmx/Build/Intermediates.noindex/Pods.build/Debug-iphonesimulator/FBReactNativeSpec.build/Objects-normal/x86_64/FBReactNativeSpec.LinkFileList
    export LINK_WITH_STANDARD_LIBRARIES\=YES
    export LLVM_TARGET_TRIPLE_OS_VERSION\=ios12.4
    export LLVM_TARGET_TRIPLE_SUFFIX\=-simulator
    export LLVM_TARGET_TRIPLE_VENDOR\=apple
    export LOCALIZATION_EXPORT_SUPPORTED\=YES
    export LOCALIZED_STRING_MACRO_NAMES\=NSLocalizedString\ CFCopyLocalizedString
    export LOCALIZED_STRING_SWIFTUI_SUPPORT\=YES
    export LOCAL_ADMIN_APPS_DIR\=/Applications/Utilities
    export LOCAL_APPS_DIR\=/Applications
    export LOCAL_DEVELOPER_DIR\=/Library/Developer
    export LOCAL_LIBRARY_DIR\=/Library
    export LOCROOT\=/Users/zacmoss/Documents/makers/final-project-frontend/ios/Pods
    export LOCSYMROOT\=/Users/zacmoss/Documents/makers/final-project-frontend/ios/Pods
    export MAC_OS_X_PRODUCT_BUILD_VERSION\=21G83
    export MAC_OS_X_VERSION_ACTUAL\=120501
    export MAC_OS_X_VERSION_MAJOR\=120000
    export MAC_OS_X_VERSION_MINOR\=120500
    export METAL_LIBRARY_FILE_BASE\=default
    export METAL_LIBRARY_OUTPUT_DIR\=/Users/zacmoss/Library/Developer/Xcode/DerivedData/awesomeproject-dsazsulrbuptiwgtnoqdelanhvmx/Build/Products/Debug-iphonesimulator/FBReactNativeSpec/
    export MODULE_CACHE_DIR\=/Users/zacmoss/Library/Developer/Xcode/DerivedData/ModuleCache.noindex
    export MTL_ENABLE_DEBUG_INFO\=INCLUDE_SOURCE
    export MTL_FAST_MATH\=YES
    export NATIVE_ARCH\=x86_64
    export NATIVE_ARCH_32_BIT\=i386
    export NATIVE_ARCH_64_BIT\=x86_64
    export NATIVE_ARCH_ACTUAL\=x86_64
    export NO_COMMON\=YES
    export OBJC_ABI_VERSION\=2
    export OBJECT_FILE_DIR\=/Users/zacmoss/Library/Developer/Xcode/DerivedData/awesomeproject-dsazsulrbuptiwgtnoqdelanhvmx/Build/Intermediates.noindex/Pods.build/Debug-iphonesimulator/FBReactNativeSpec.build/Objects
    export OBJECT_FILE_DIR_normal\=/Users/zacmoss/Library/Developer/Xcode/DerivedData/awesomeproject-dsazsulrbuptiwgtnoqdelanhvmx/Build/Intermediates.noindex/Pods.build/Debug-iphonesimulator/FBReactNativeSpec.build/Objects-normal
    export OBJROOT\=/Users/zacmoss/Library/Developer/Xcode/DerivedData/awesomeproject-dsazsulrbuptiwgtnoqdelanhvmx/Build/Intermediates.noindex
    export ONLY_ACTIVE_ARCH\=YES
    export OS\=MACOS
    export OSAC\=/usr/bin/osacompile
    export OTHER_CFLAGS\=\ -fmodule-map-file\=\"/Users/zacmoss/Documents/makers/final-project-frontend/ios/Pods/Headers/Public/RCTTypeSafety/RCTTypeSafety.modulemap\"\ -fmodule-map-file\=\"/Users/zacmoss/Documents/makers/final-project-frontend/ios/Pods/Headers/Public/React-Core/React/React-Core.modulemap\"\ -fmodule-map-file\=\"/Users/zacmoss/Documents/makers/final-project-frontend/ios/Pods/Headers/Public/ReactCommon/ReactCommon.modulemap\"\ -fmodule-map-file\=\"/Users/zacmoss/Documents/makers/final-project-frontend/ios/Pods/Headers/Public/folly/RCT-Folly.modulemap\"\ -fmodule-map-file\=\"/Users/zacmoss/Documents/makers/final-project-frontend/ios/Pods/Headers/Public/yoga/Yoga.modulemap\"
    export OTHER_CPLUSPLUSFLAGS\=\ -fmodule-map-file\=\"/Users/zacmoss/Documents/makers/final-project-frontend/ios/Pods/Headers/Public/RCTTypeSafety/RCTTypeSafety.modulemap\"\ -fmodule-map-file\=\"/Users/zacmoss/Documents/makers/final-project-frontend/ios/Pods/Headers/Public/React-Core/React/React-Core.modulemap\"\ -fmodule-map-file\=\"/Users/zacmoss/Documents/makers/final-project-frontend/ios/Pods/Headers/Public/ReactCommon/ReactCommon.modulemap\"\ -fmodule-map-file\=\"/Users/zacmoss/Documents/makers/final-project-frontend/ios/Pods/Headers/Public/folly/RCT-Folly.modulemap\"\ -fmodule-map-file\=\"/Users/zacmoss/Documents/makers/final-project-frontend/ios/Pods/Headers/Public/yoga/Yoga.modulemap\"
    export PASCAL_STRINGS\=YES
    export PATH\=/Applications/Xcode.app/Contents/Developer/Toolchains/XcodeDefault.xctoolchain/usr/bin:/Applications/Xcode.app/Contents/Developer/Toolchains/XcodeDefault.xctoolchain/usr/local/bin:/Applications/Xcode.app/Contents/Developer/Toolchains/XcodeDefault.xctoolchain/usr/libexec:/Applications/Xcode.app/Contents/Developer/Platforms/iPhoneSimulator.platform/usr/bin:/Applications/Xcode.app/Contents/Developer/Platforms/iPhoneSimulator.platform/usr/local/bin:/Applications/Xcode.app/Contents/Developer/Platforms/iPhoneSimulator.platform/Developer/usr/bin:/Applications/Xcode.app/Contents/Developer/Platforms/iPhoneSimulator.platform/Developer/usr/local/bin:/Applications/Xcode.app/Contents/Developer/usr/bin:/Applications/Xcode.app/Contents/Developer/usr/local/bin:/Users/zacmoss/.rvm/gems/ruby-3.0.0/bin:/Users/zacmoss/.rvm/gems/ruby-3.0.0@global/bin:/Users/zacmoss/.rvm/rubies/ruby-3.0.0/bin:/usr/local/opt/mongodb-community@5.0/bin:/Users/zacmoss/.nvm/versions/node/v18.7.0/bin:/opt/local/bin:/opt/local/sbin:/usr/local/bin:/usr/bin:/bin:/usr/sbin:/sbin:/Library/Apple/usr/bin:/Users/zacmoss/Library/Android/sdk/platform-tools:/platform-tools:/Users/zacmoss/.rvm/bin
    export PATH_PREFIXES_EXCLUDED_FROM_HEADER_DEPENDENCIES\=/usr/include\ /usr/local/include\ /System/Library/Frameworks\ /System/Library/PrivateFrameworks\ /Applications/Xcode.app/Contents/Developer/Headers\ /Applications/Xcode.app/Contents/Developer/SDKs\ /Applications/Xcode.app/Contents/Developer/Platforms
    export PER_ARCH_OBJECT_FILE_DIR\=/Users/zacmoss/Library/Developer/Xcode/DerivedData/awesomeproject-dsazsulrbuptiwgtnoqdelanhvmx/Build/Intermediates.noindex/Pods.build/Debug-iphonesimulator/FBReactNativeSpec.build/Objects-normal/undefined_arch
    export PER_VARIANT_OBJECT_FILE_DIR\=/Users/zacmoss/Library/Developer/Xcode/DerivedData/awesomeproject-dsazsulrbuptiwgtnoqdelanhvmx/Build/Intermediates.noindex/Pods.build/Debug-iphonesimulator/FBReactNativeSpec.build/Objects-normal
    export PKGINFO_FILE_PATH\=/Users/zacmoss/Library/Developer/Xcode/DerivedData/awesomeproject-dsazsulrbuptiwgtnoqdelanhvmx/Build/Intermediates.noindex/Pods.build/Debug-iphonesimulator/FBReactNativeSpec.build/PkgInfo
    export PLATFORM_DEVELOPER_APPLICATIONS_DIR\=/Applications/Xcode.app/Contents/Developer/Platforms/iPhoneSimulator.platform/Developer/Applications
    export PLATFORM_DEVELOPER_BIN_DIR\=/Applications/Xcode.app/Contents/Developer/Platforms/iPhoneSimulator.platform/Developer/usr/bin
    export PLATFORM_DEVELOPER_LIBRARY_DIR\=/Applications/Xcode.app/Contents/Developer/Platforms/iPhoneSimulator.platform/Developer/Library
    export PLATFORM_DEVELOPER_SDK_DIR\=/Applications/Xcode.app/Contents/Developer/Platforms/iPhoneSimulator.platform/Developer/SDKs
    export PLATFORM_DEVELOPER_TOOLS_DIR\=/Applications/Xcode.app/Contents/Developer/Platforms/iPhoneSimulator.platform/Developer/Tools
    export PLATFORM_DEVELOPER_USR_DIR\=/Applications/Xcode.app/Contents/Developer/Platforms/iPhoneSimulator.platform/Developer/usr
    export PLATFORM_DIR\=/Applications/Xcode.app/Contents/Developer/Platforms/iPhoneSimulator.platform
    export PLATFORM_DISPLAY_NAME\=iOS\ Simulator
    export PLATFORM_FAMILY_NAME\=iOS
    export PLATFORM_NAME\=iphonesimulator
    export PLATFORM_PREFERRED_ARCH\=x86_64
    export PLATFORM_PRODUCT_BUILD_VERSION\=19F64
    export PLIST_FILE_OUTPUT_FORMAT\=binary
    export PODS_BUILD_DIR\=/Users/zacmoss/Library/Developer/Xcode/DerivedData/awesomeproject-dsazsulrbuptiwgtnoqdelanhvmx/Build/Products
    export PODS_CONFIGURATION_BUILD_DIR\=/Users/zacmoss/Library/Developer/Xcode/DerivedData/awesomeproject-dsazsulrbuptiwgtnoqdelanhvmx/Build/Products/Debug-iphonesimulator
    export PODS_ROOT\=/Users/zacmoss/Documents/makers/final-project-frontend/ios/Pods
    export PODS_TARGET_SRCROOT\=/Users/zacmoss/Documents/makers/final-project-frontend/ios/Pods/../../node_modules/react-native/React/FBReactNativeSpec
    export PODS_XCFRAMEWORKS_BUILD_DIR\=/Users/zacmoss/Library/Developer/Xcode/DerivedData/awesomeproject-dsazsulrbuptiwgtnoqdelanhvmx/Build/Products/Debug-iphonesimulator/XCFrameworkIntermediates
    export PRECOMPS_INCLUDE_HEADERS_FROM_BUILT_PRODUCTS_DIR\=YES
    export PRECOMP_DESTINATION_DIR\=/Users/zacmoss/Library/Developer/Xcode/DerivedData/awesomeproject-dsazsulrbuptiwgtnoqdelanhvmx/Build/Intermediates.noindex/Pods.build/Debug-iphonesimulator/FBReactNativeSpec.build/PrefixHeaders
    export PRESERVE_DEAD_CODE_INITS_AND_TERMS\=NO
    export PRODUCT_BUNDLE_IDENTIFIER\=org.cocoapods.FBReactNativeSpec
    export PRODUCT_MODULE_NAME\=FBReactNativeSpec
    export PRODUCT_NAME\=FBReactNativeSpec
    export PRODUCT_SETTINGS_PATH\=
    export PROFILING_CODE\=NO
    export PROJECT\=Pods
    export PROJECT_DERIVED_FILE_DIR\=/Users/zacmoss/Library/Developer/Xcode/DerivedData/awesomeproject-dsazsulrbuptiwgtnoqdelanhvmx/Build/Intermediates.noindex/Pods.build/DerivedSources
    export PROJECT_DIR\=/Users/zacmoss/Documents/makers/final-project-frontend/ios/Pods
    export PROJECT_FILE_PATH\=/Users/zacmoss/Documents/makers/final-project-frontend/ios/Pods/Pods.xcodeproj
    export PROJECT_NAME\=Pods
    export PROJECT_TEMP_DIR\=/Users/zacmoss/Library/Developer/Xcode/DerivedData/awesomeproject-dsazsulrbuptiwgtnoqdelanhvmx/Build/Intermediates.noindex/Pods.build
    export PROJECT_TEMP_ROOT\=/Users/zacmoss/Library/Developer/Xcode/DerivedData/awesomeproject-dsazsulrbuptiwgtnoqdelanhvmx/Build/Intermediates.noindex
    export REACT_NATIVE_PATH\=/Users/zacmoss/Documents/makers/final-project-frontend/ios/Pods/../../node_modules/react-native
    export RECURSIVE_SEARCH_PATHS_FOLLOW_SYMLINKS\=YES
    export REMOVE_CVS_FROM_RESOURCES\=YES
    export REMOVE_GIT_FROM_RESOURCES\=YES
    export REMOVE_HEADERS_FROM_EMBEDDED_BUNDLES\=YES
    export REMOVE_HG_FROM_RESOURCES\=YES
    export REMOVE_SVN_FROM_RESOURCES\=YES
    export REZ_COLLECTOR_DIR\=/Users/zacmoss/Library/Developer/Xcode/DerivedData/awesomeproject-dsazsulrbuptiwgtnoqdelanhvmx/Build/Intermediates.noindex/Pods.build/Debug-iphonesimulator/FBReactNativeSpec.build/ResourceManagerResources
    export REZ_OBJECTS_DIR\=/Users/zacmoss/Library/Developer/Xcode/DerivedData/awesomeproject-dsazsulrbuptiwgtnoqdelanhvmx/Build/Intermediates.noindex/Pods.build/Debug-iphonesimulator/FBReactNativeSpec.build/ResourceManagerResources/Objects
    export SCAN_ALL_SOURCE_FILES_FOR_INCLUDES\=NO
    export SCRIPT_INPUT_FILE_0\=/Users/zacmoss/Documents/makers/final-project-frontend/node_modules/react-native/Libraries/ActionSheetIOS/NativeActionSheetManager.js
    export SCRIPT_INPUT_FILE_1\=/Users/zacmoss/Documents/makers/final-project-frontend/node_modules/react-native/Libraries/Alert/NativeAlertManager.js
    export SCRIPT_INPUT_FILE_10\=/Users/zacmoss/Documents/makers/final-project-frontend/node_modules/react-native/Libraries/Components/AccessibilityInfo/NativeAccessibilityInfo.js
    export SCRIPT_INPUT_FILE_11\=/Users/zacmoss/Documents/makers/final-project-frontend/node_modules/react-native/Libraries/Components/AccessibilityInfo/NativeAccessibilityManager.js
    export SCRIPT_INPUT_FILE_12\=/Users/zacmoss/Documents/makers/final-project-frontend/node_modules/react-native/Libraries/Components/Clipboard/NativeClipboard.js
    export SCRIPT_INPUT_FILE_13\=/Users/zacmoss/Documents/makers/final-project-frontend/node_modules/react-native/Libraries/Components/DatePickerAndroid/NativeDatePickerAndroid.js
    export SCRIPT_INPUT_FILE_14\=/Users/zacmoss/Documents/makers/final-project-frontend/node_modules/react-native/Libraries/Components/Keyboard/NativeKeyboardObserver.js
    export SCRIPT_INPUT_FILE_15\=/Users/zacmoss/Documents/makers/final-project-frontend/node_modules/react-native/Libraries/Components/Sound/NativeSoundManager.js
    export SCRIPT_INPUT_FILE_16\=/Users/zacmoss/Documents/makers/final-project-frontend/node_modules/react-native/Libraries/Components/StatusBar/NativeStatusBarManagerAndroid.js
    export SCRIPT_INPUT_FILE_17\=/Users/zacmoss/Documents/makers/final-project-frontend/node_modules/react-native/Libraries/Components/StatusBar/NativeStatusBarManagerIOS.js
    export SCRIPT_INPUT_FILE_18\=/Users/zacmoss/Documents/makers/final-project-frontend/node_modules/react-native/Libraries/Components/ToastAndroid/NativeToastAndroid.js
    export SCRIPT_INPUT_FILE_19\=/Users/zacmoss/Documents/makers/final-project-frontend/node_modules/react-native/Libraries/Core/NativeExceptionsManager.js
    export SCRIPT_INPUT_FILE_2\=/Users/zacmoss/Documents/makers/final-project-frontend/node_modules/react-native/Libraries/Animated/NativeAnimatedHelper.js
    export SCRIPT_INPUT_FILE_20\=/Users/zacmoss/Documents/makers/final-project-frontend/node_modules/react-native/Libraries/Core/SegmentFetcher/NativeSegmentFetcher.js
    export SCRIPT_INPUT_FILE_21\=/Users/zacmoss/Documents/makers/final-project-frontend/node_modules/react-native/Libraries/Core/Timers/NativeTiming.js
    export SCRIPT_INPUT_FILE_22\=/Users/zacmoss/Documents/makers/final-project-frontend/node_modules/react-native/Libraries/EventEmitter/NativeEventEmitter.js
    export SCRIPT_INPUT_FILE_23\=/Users/zacmoss/Documents/makers/final-project-frontend/node_modules/react-native/Libraries/EventEmitter/__mocks__/NativeEventEmitter.js
    export SCRIPT_INPUT_FILE_24\=/Users/zacmoss/Documents/makers/final-project-frontend/node_modules/react-native/Libraries/HeapCapture/NativeJSCHeapCapture.js
    export SCRIPT_INPUT_FILE_25\=/Users/zacmoss/Documents/makers/final-project-frontend/node_modules/react-native/Libraries/Image/NativeImageEditor.js
    export SCRIPT_INPUT_FILE_26\=/Users/zacmoss/Documents/makers/final-project-frontend/node_modules/react-native/Libraries/Image/NativeImageLoaderAndroid.js
    export SCRIPT_INPUT_FILE_27\=/Users/zacmoss/Documents/makers/final-project-frontend/node_modules/react-native/Libraries/Image/NativeImageLoaderIOS.js
    export SCRIPT_INPUT_FILE_28\=/Users/zacmoss/Documents/makers/final-project-frontend/node_modules/react-native/Libraries/Image/NativeImagePickerIOS.js
    export SCRIPT_INPUT_FILE_29\=/Users/zacmoss/Documents/makers/final-project-frontend/node_modules/react-native/Libraries/Image/NativeImageStoreAndroid.js
    export SCRIPT_INPUT_FILE_3\=/Users/zacmoss/Documents/makers/final-project-frontend/node_modules/react-native/Libraries/Animated/NativeAnimatedModule.js
    export SCRIPT_INPUT_FILE_30\=/Users/zacmoss/Documents/makers/final-project-frontend/node_modules/react-native/Libraries/Image/NativeImageStoreIOS.js
    export SCRIPT_INPUT_FILE_31\=/Users/zacmoss/Documents/makers/final-project-frontend/node_modules/react-native/Libraries/Interaction/NativeFrameRateLogger.js
    export SCRIPT_INPUT_FILE_32\=/Users/zacmoss/Documents/makers/final-project-frontend/node_modules/react-native/Libraries/Linking/NativeIntentAndroid.js
    export SCRIPT_INPUT_FILE_33\=/Users/zacmoss/Documents/makers/final-project-frontend/node_modules/react-native/Libraries/Linking/NativeLinkingManager.js
    export SCRIPT_INPUT_FILE_34\=/Users/zacmoss/Documents/makers/final-project-frontend/node_modules/react-native/Libraries/Modal/NativeModalManager.js
    export SCRIPT_INPUT_FILE_35\=/Users/zacmoss/Documents/makers/final-project-frontend/node_modules/react-native/Libraries/NativeComponent/NativeComponentRegistry.js
    export SCRIPT_INPUT_FILE_36\=/Users/zacmoss/Documents/makers/final-project-frontend/node_modules/react-native/Libraries/NativeComponent/NativeComponentRegistryUnstable.js
    export SCRIPT_INPUT_FILE_37\=/Users/zacmoss/Documents/makers/final-project-frontend/node_modules/react-native/Libraries/NativeModules/specs/NativeAnimationsDebugModule.js
    export SCRIPT_INPUT_FILE_38\=/Users/zacmoss/Documents/makers/final-project-frontend/node_modules/react-native/Libraries/NativeModules/specs/NativeDevMenu.js
    export SCRIPT_INPUT_FILE_39\=/Users/zacmoss/Documents/makers/final-project-frontend/node_modules/react-native/Libraries/NativeModules/specs/NativeDevSettings.js
    export SCRIPT_INPUT_FILE_4\=/Users/zacmoss/Documents/makers/final-project-frontend/node_modules/react-native/Libraries/Animated/NativeAnimatedTurboModule.js
    export SCRIPT_INPUT_FILE_40\=/Users/zacmoss/Documents/makers/final-project-frontend/node_modules/react-native/Libraries/NativeModules/specs/NativeDeviceEventManager.js
    export SCRIPT_INPUT_FILE_41\=/Users/zacmoss/Documents/makers/final-project-frontend/node_modules/react-native/Libraries/NativeModules/specs/NativeDialogManagerAndroid.js
    export SCRIPT_INPUT_FILE_42\=/Users/zacmoss/Documents/makers/final-project-frontend/node_modules/react-native/Libraries/NativeModules/specs/NativeLogBox.js
    export SCRIPT_INPUT_FILE_43\=/Users/zacmoss/Documents/makers/final-project-frontend/node_modules/react-native/Libraries/NativeModules/specs/NativeRedBox.js
    export SCRIPT_INPUT_FILE_44\=/Users/zacmoss/Documents/makers/final-project-frontend/node_modules/react-native/Libraries/NativeModules/specs/NativeSourceCode.js
    export SCRIPT_INPUT_FILE_45\=/Users/zacmoss/Documents/makers/final-project-frontend/node_modules/react-native/Libraries/Network/NativeNetworkingAndroid.js
    export SCRIPT_INPUT_FILE_46\=/Users/zacmoss/Documents/makers/final-project-frontend/node_modules/react-native/Libraries/Network/NativeNetworkingIOS.js
    export SCRIPT_INPUT_FILE_47\=/Users/zacmoss/Documents/makers/final-project-frontend/node_modules/react-native/Libraries/Performance/NativeJSCSamplingProfiler.js
    export SCRIPT_INPUT_FILE_48\=/Users/zacmoss/Documents/makers/final-project-frontend/node_modules/react-native/Libraries/PermissionsAndroid/NativePermissionsAndroid.js
    export SCRIPT_INPUT_FILE_49\=/Users/zacmoss/Documents/makers/final-project-frontend/node_modules/react-native/Libraries/PushNotificationIOS/NativePushNotificationManagerIOS.js
    export SCRIPT_INPUT_FILE_5\=/Users/zacmoss/Documents/makers/final-project-frontend/node_modules/react-native/Libraries/AppState/NativeAppState.js
    export SCRIPT_INPUT_FILE_50\=/Users/zacmoss/Documents/makers/final-project-frontend/node_modules/react-native/Libraries/ReactNative/NativeHeadlessJsTaskSupport.js
    export SCRIPT_INPUT_FILE_51\=/Users/zacmoss/Documents/makers/final-project-frontend/node_modules/react-native/Libraries/ReactNative/NativeI18nManager.js
    export SCRIPT_INPUT_FILE_52\=/Users/zacmoss/Documents/makers/final-project-frontend/node_modules/react-native/Libraries/ReactNative/NativeUIManager.js
    export SCRIPT_INPUT_FILE_53\=/Users/zacmoss/Documents/makers/final-project-frontend/node_modules/react-native/Libraries/Settings/NativeSettingsManager.js
    export SCRIPT_INPUT_FILE_54\=/Users/zacmoss/Documents/makers/final-project-frontend/node_modules/react-native/Libraries/Share/NativeShareModule.js
    export SCRIPT_INPUT_FILE_55\=/Users/zacmoss/Documents/makers/final-project-frontend/node_modules/react-native/Libraries/Storage/NativeAsyncLocalStorage.js
    export SCRIPT_INPUT_FILE_56\=/Users/zacmoss/Documents/makers/final-project-frontend/node_modules/react-native/Libraries/Storage/NativeAsyncSQLiteDBStorage.js
    export SCRIPT_INPUT_FILE_57\=/Users/zacmoss/Documents/makers/final-project-frontend/node_modules/react-native/Libraries/TurboModule/samples/NativeSampleTurboModule.js
    export SCRIPT_INPUT_FILE_58\=/Users/zacmoss/Documents/makers/final-project-frontend/node_modules/react-native/Libraries/Utilities/NativeAppearance.js
    export SCRIPT_INPUT_FILE_59\=/Users/zacmoss/Documents/makers/final-project-frontend/node_modules/react-native/Libraries/Utilities/NativeDevLoadingView.js
    export SCRIPT_INPUT_FILE_6\=/Users/zacmoss/Documents/makers/final-project-frontend/node_modules/react-native/Libraries/BatchedBridge/NativeModules.js
    export SCRIPT_INPUT_FILE_60\=/Users/zacmoss/Documents/makers/final-project-frontend/node_modules/react-native/Libraries/Utilities/NativeDevSplitBundleLoader.js
    export SCRIPT_INPUT_FILE_61\=/Users/zacmoss/Documents/makers/final-project-frontend/node_modules/react-native/Libraries/Utilities/NativeDeviceInfo.js
    export SCRIPT_INPUT_FILE_62\=/Users/zacmoss/Documents/makers/final-project-frontend/node_modules/react-native/Libraries/Utilities/NativeJSDevSupport.js
    export SCRIPT_INPUT_FILE_63\=/Users/zacmoss/Documents/makers/final-project-frontend/node_modules/react-native/Libraries/Utilities/NativePlatformConstantsAndroid.js
    export SCRIPT_INPUT_FILE_64\=/Users/zacmoss/Documents/makers/final-project-frontend/node_modules/react-native/Libraries/Utilities/NativePlatformConstantsIOS.js
    export SCRIPT_INPUT_FILE_65\=/Users/zacmoss/Documents/makers/final-project-frontend/node_modules/react-native/Libraries/Vibration/NativeVibration.js
    export SCRIPT_INPUT_FILE_66\=/Users/zacmoss/Documents/makers/final-project-frontend/node_modules/react-native/Libraries/WebSocket/NativeWebSocketModule.js
    export SCRIPT_INPUT_FILE_67\=/Users/zacmoss/Documents/makers/final-project-frontend/ios/.xcode.env.local
    export SCRIPT_INPUT_FILE_68\=/Users/zacmoss/Documents/makers/final-project-frontend/ios/.xcode.env
    export SCRIPT_INPUT_FILE_7\=/Users/zacmoss/Documents/makers/final-project-frontend/node_modules/react-native/Libraries/Blob/NativeBlobModule.js
    export SCRIPT_INPUT_FILE_8\=/Users/zacmoss/Documents/makers/final-project-frontend/node_modules/react-native/Libraries/Blob/NativeFileReaderModule.js
    export SCRIPT_INPUT_FILE_9\=/Users/zacmoss/Documents/makers/final-project-frontend/node_modules/react-native/Libraries/BugReporting/NativeBugReporting.js
    export SCRIPT_INPUT_FILE_COUNT\=69
    export SCRIPT_INPUT_FILE_LIST_COUNT\=0
    export SCRIPT_OUTPUT_FILE_0\=/Users/zacmoss/Library/Developer/Xcode/DerivedData/awesomeproject-dsazsulrbuptiwgtnoqdelanhvmx/Build/Intermediates.noindex/Pods.build/Debug-iphonesimulator/FBReactNativeSpec.build/DerivedSources/codegen-FBReactNativeSpec.log
    export SCRIPT_OUTPUT_FILE_1\=/Users/zacmoss/Documents/makers/final-project-frontend/ios/build/generated/ios/FBReactNativeSpec/FBReactNativeSpec.h
    export SCRIPT_OUTPUT_FILE_2\=/Users/zacmoss/Documents/makers/final-project-frontend/ios/build/generated/ios/FBReactNativeSpec/FBReactNativeSpec-generated.mm
    export SCRIPT_OUTPUT_FILE_COUNT\=3
    export SCRIPT_OUTPUT_FILE_LIST_COUNT\=0
    export SDKROOT\=/Applications/Xcode.app/Contents/Developer/Platforms/iPhoneSimulator.platform/Developer/SDKs/iPhoneSimulator15.5.sdk
    export SDK_DIR\=/Applications/Xcode.app/Contents/Developer/Platforms/iPhoneSimulator.platform/Developer/SDKs/iPhoneSimulator15.5.sdk
    export SDK_DIR_iphonesimulator\=/Applications/Xcode.app/Contents/Developer/Platforms/iPhoneSimulator.platform/Developer/SDKs/iPhoneSimulator15.5.sdk
    export SDK_DIR_iphonesimulator15_5\=/Applications/Xcode.app/Contents/Developer/Platforms/iPhoneSimulator.platform/Developer/SDKs/iPhoneSimulator15.5.sdk
    export SDK_NAME\=iphonesimulator15.5
    export SDK_NAMES\=iphonesimulator15.5
    export SDK_PRODUCT_BUILD_VERSION\=19F64
    export SDK_VERSION\=15.5
    export SDK_VERSION_ACTUAL\=150500
    export SDK_VERSION_MAJOR\=150000
    export SDK_VERSION_MINOR\=150500
    export SED\=/usr/bin/sed
    export SEPARATE_STRIP\=NO
    export SEPARATE_SYMBOL_EDIT\=NO
    export SET_DIR_MODE_OWNER_GROUP\=YES
    export SET_FILE_MODE_OWNER_GROUP\=NO
    export SHALLOW_BUNDLE\=NO
    export SHARED_DERIVED_FILE_DIR\=/Users/zacmoss/Library/Developer/Xcode/DerivedData/awesomeproject-dsazsulrbuptiwgtnoqdelanhvmx/Build/Products/Debug-iphonesimulator/FBReactNativeSpec/DerivedSources
    export SHARED_PRECOMPS_DIR\=/Users/zacmoss/Library/Developer/Xcode/DerivedData/awesomeproject-dsazsulrbuptiwgtnoqdelanhvmx/Build/Intermediates.noindex/PrecompiledHeaders
    export SKIP_INSTALL\=YES
    export SOURCE_ROOT\=/Users/zacmoss/Documents/makers/final-project-frontend/ios/Pods
    export SRCROOT\=/Users/zacmoss/Documents/makers/final-project-frontend/ios/Pods
    export STRINGSDATA_DIR\=/Users/zacmoss/Library/Developer/Xcode/DerivedData/awesomeproject-dsazsulrbuptiwgtnoqdelanhvmx/Build/Intermediates.noindex/Pods.build/Debug-iphonesimulator/FBReactNativeSpec.build/Objects-normal/undefined_arch
    export STRINGSDATA_ROOT\=/Users/zacmoss/Library/Developer/Xcode/DerivedData/awesomeproject-dsazsulrbuptiwgtnoqdelanhvmx/Build/Intermediates.noindex/Pods.build/Debug-iphonesimulator/FBReactNativeSpec.build
    export STRINGS_FILE_INFOPLIST_RENAME\=YES
    export STRINGS_FILE_OUTPUT_ENCODING\=binary
    export STRIP_BITCODE_FROM_COPIED_FILES\=NO
    export STRIP_INSTALLED_PRODUCT\=NO
    export STRIP_STYLE\=all
    export STRIP_SWIFT_SYMBOLS\=YES
    export SUPPORTED_DEVICE_FAMILIES\=1,2
    export SUPPORTED_PLATFORMS\=iphoneos\ iphonesimulator
    export SUPPORTS_TEXT_BASED_API\=NO
    export SWIFT_ACTIVE_COMPILATION_CONDITIONS\=DEBUG
    export SWIFT_EMIT_LOC_STRINGS\=NO
    export SWIFT_OPTIMIZATION_LEVEL\=-Onone
    export SWIFT_PLATFORM_TARGET_PREFIX\=ios
    export SWIFT_RESPONSE_FILE_PATH_normal_x86_64\=/Users/zacmoss/Library/Developer/Xcode/DerivedData/awesomeproject-dsazsulrbuptiwgtnoqdelanhvmx/Build/Intermediates.noindex/Pods.build/Debug-iphonesimulator/FBReactNativeSpec.build/Objects-normal/x86_64/FBReactNativeSpec.SwiftFileList
    export SWIFT_VERSION\=5.0
    export SYMROOT\=/Users/zacmoss/Library/Developer/Xcode/DerivedData/awesomeproject-dsazsulrbuptiwgtnoqdelanhvmx/Build/Products
    export SYSTEM_ADMIN_APPS_DIR\=/Applications/Utilities
    export SYSTEM_APPS_DIR\=/Applications
    export SYSTEM_CORE_SERVICES_DIR\=/System/Library/CoreServices
    export SYSTEM_DEMOS_DIR\=/Applications/Extras
    export SYSTEM_DEVELOPER_APPS_DIR\=/Applications/Xcode.app/Contents/Developer/Applications
    export SYSTEM_DEVELOPER_BIN_DIR\=/Applications/Xcode.app/Contents/Developer/usr/bin
    export SYSTEM_DEVELOPER_DEMOS_DIR\=/Applications/Xcode.app/Contents/Developer/Applications/Utilities/Built\ Examples
    export SYSTEM_DEVELOPER_DIR\=/Applications/Xcode.app/Contents/Developer
    export SYSTEM_DEVELOPER_DOC_DIR\=/Applications/Xcode.app/Contents/Developer/ADC\ Reference\ Library
    export SYSTEM_DEVELOPER_GRAPHICS_TOOLS_DIR\=/Applications/Xcode.app/Contents/Developer/Applications/Graphics\ Tools
    export SYSTEM_DEVELOPER_JAVA_TOOLS_DIR\=/Applications/Xcode.app/Contents/Developer/Applications/Java\ Tools
    export SYSTEM_DEVELOPER_PERFORMANCE_TOOLS_DIR\=/Applications/Xcode.app/Contents/Developer/Applications/Performance\ Tools
    export SYSTEM_DEVELOPER_RELEASENOTES_DIR\=/Applications/Xcode.app/Contents/Developer/ADC\ Reference\ Library/releasenotes
    export SYSTEM_DEVELOPER_TOOLS\=/Applications/Xcode.app/Contents/Developer/Tools
    export SYSTEM_DEVELOPER_TOOLS_DOC_DIR\=/Applications/Xcode.app/Contents/Developer/ADC\ Reference\ Library/documentation/DeveloperTools
    export SYSTEM_DEVELOPER_TOOLS_RELEASENOTES_DIR\=/Applications/Xcode.app/Contents/Developer/ADC\ Reference\ Library/releasenotes/DeveloperTools
    export SYSTEM_DEVELOPER_USR_DIR\=/Applications/Xcode.app/Contents/Developer/usr
    export SYSTEM_DEVELOPER_UTILITIES_DIR\=/Applications/Xcode.app/Contents/Developer/Applications/Utilities
    export SYSTEM_DEXT_INSTALL_PATH\=/System/Library/DriverExtensions
    export SYSTEM_DOCUMENTATION_DIR\=/Library/Documentation
    export SYSTEM_KEXT_INSTALL_PATH\=/System/Library/Extensions
    export SYSTEM_LIBRARY_DIR\=/System/Library
    export TAPI_ENABLE_PROJECT_HEADERS\=NO
    export TAPI_VERIFY_MODE\=ErrorsOnly
    export TARGETED_DEVICE_FAMILY\=1,2
    export TARGETNAME\=FBReactNativeSpec
    export TARGET_BUILD_DIR\=/Users/zacmoss/Library/Developer/Xcode/DerivedData/awesomeproject-dsazsulrbuptiwgtnoqdelanhvmx/Build/Products/Debug-iphonesimulator/FBReactNativeSpec
    export TARGET_DEVICE_IDENTIFIER\=1FE5F6CD-7F42-4663-82D0-81D2938DEAB1
    export TARGET_DEVICE_MODEL\=iPhone14,6
    export TARGET_DEVICE_OS_VERSION\=15.5
    export TARGET_DEVICE_PLATFORM_NAME\=iphonesimulator
    export TARGET_NAME\=FBReactNativeSpec
    export TARGET_TEMP_DIR\=/Users/zacmoss/Library/Developer/Xcode/DerivedData/awesomeproject-dsazsulrbuptiwgtnoqdelanhvmx/Build/Intermediates.noindex/Pods.build/Debug-iphonesimulator/FBReactNativeSpec.build
    export TEMP_DIR\=/Users/zacmoss/Library/Developer/Xcode/DerivedData/awesomeproject-dsazsulrbuptiwgtnoqdelanhvmx/Build/Intermediates.noindex/Pods.build/Debug-iphonesimulator/FBReactNativeSpec.build
    export TEMP_FILES_DIR\=/Users/zacmoss/Library/Developer/Xcode/DerivedData/awesomeproject-dsazsulrbuptiwgtnoqdelanhvmx/Build/Intermediates.noindex/Pods.build/Debug-iphonesimulator/FBReactNativeSpec.build
    export TEMP_FILE_DIR\=/Users/zacmoss/Library/Developer/Xcode/DerivedData/awesomeproject-dsazsulrbuptiwgtnoqdelanhvmx/Build/Intermediates.noindex/Pods.build/Debug-iphonesimulator/FBReactNativeSpec.build
    export TEMP_ROOT\=/Users/zacmoss/Library/Developer/Xcode/DerivedData/awesomeproject-dsazsulrbuptiwgtnoqdelanhvmx/Build/Intermediates.noindex
    export TEST_FRAMEWORK_SEARCH_PATHS\=\ /Applications/Xcode.app/Contents/Developer/Platforms/iPhoneSimulator.platform/Developer/Library/Frameworks\ /Applications/Xcode.app/Contents/Developer/Platforms/iPhoneSimulator.platform/Developer/SDKs/iPhoneSimulator15.5.sdk/Developer/Library/Frameworks
    export TEST_LIBRARY_SEARCH_PATHS\=\ /Applications/Xcode.app/Contents/Developer/Platforms/iPhoneSimulator.platform/Developer/usr/lib
    export TOOLCHAINS\=com.apple.dt.toolchain.XcodeDefault
    export TOOLCHAIN_DIR\=/Applications/Xcode.app/Contents/Developer/Toolchains/XcodeDefault.xctoolchain
    export TREAT_MISSING_BASELINES_AS_TEST_FAILURES\=NO
    export UID\=501
    export UNSTRIPPED_PRODUCT\=NO
    export USER\=zacmoss
    export USER_APPS_DIR\=/Users/zacmoss/Applications
    export USER_LIBRARY_DIR\=/Users/zacmoss/Library
    export USE_DYNAMIC_NO_PIC\=YES
    export USE_HEADERMAP\=YES
    export USE_HEADER_SYMLINKS\=NO
    export USE_LLVM_TARGET_TRIPLES\=YES
    export USE_LLVM_TARGET_TRIPLES_FOR_CLANG\=YES
    export USE_LLVM_TARGET_TRIPLES_FOR_LD\=YES
    export USE_LLVM_TARGET_TRIPLES_FOR_TAPI\=YES
    export USE_RECURSIVE_SCRIPT_INPUTS_IN_SCRIPT_PHASES\=YES
    export VALIDATE_DEVELOPMENT_ASSET_PATHS\=YES_ERROR
    export VALIDATE_PRODUCT\=NO
    export VALIDATE_WORKSPACE\=YES_ERROR
    export VALID_ARCHS\=arm64\ arm64e\ i386\ x86_64
    export VERBOSE_PBXCP\=NO
    export VERSION_INFO_BUILDER\=zacmoss
    export VERSION_INFO_FILE\=FBReactNativeSpec_vers.c
    export VERSION_INFO_STRING\=\"@\(\#\)PROGRAM:FBReactNativeSpec\ \ PROJECT:Pods-\"
    export WRAP_ASSET_PACKS_IN_SEPARATE_DIRECTORIES\=NO
    export XCODE_APP_SUPPORT_DIR\=/Applications/Xcode.app/Contents/Developer/Library/Xcode
    export XCODE_PRODUCT_BUILD_VERSION\=13F100
    export XCODE_VERSION_ACTUAL\=1341
    export XCODE_VERSION_MAJOR\=1300
    export XCODE_VERSION_MINOR\=1340
    export XPCSERVICES_FOLDER_PATH\=/XPCServices
    export YACC\=yacc
    export arch\=undefined_arch
    export variant\=normal
    /bin/sh -c /Users/zacmoss/Library/Developer/Xcode/DerivedData/awesomeproject-dsazsulrbuptiwgtnoqdelanhvmx/Build/Intermediates.noindex/Pods.build/Debug-iphonesimulator/FBReactNativeSpec.build/Script-46EB2E00010D40.sh
Node found at: /usr/local/Cellar/node/18.9.1/bin/node
/Users/zacmoss/Documents/makers/final-project-frontend/ios/Pods/../../node_modules/react-native/React/FBReactNativeSpec/../../scripts/react_native_pods_utils/script_phases.sh: line 83: /usr/local/Cellar/node/18.9.1/bin/node: No such file or directory
Command PhaseScriptExecution failed with a nonzero exit code

CompileSwiftSources normal x86_64 com.apple.xcode.tools.swift.compiler (in target 'ExpoModulesCore' from project 'Pods')
    cd /Users/zacmoss/Documents/makers/final-project-frontend/ios/Pods
    export DEVELOPER_DIR\=/Applications/Xcode.app/Contents/Developer
    export SDKROOT\=/Applications/Xcode.app/Contents/Developer/Platforms/iPhoneSimulator.platform/Developer/SDKs/iPhoneSimulator15.5.sdk
    /Applications/Xcode.app/Contents/Developer/Toolchains/XcodeDefault.xctoolchain/usr/bin/swiftc -incremental -module-name ExpoModulesCore -Onone -whole-module-optimization -enforce-exclusivity\=checked @/Users/zacmoss/Library/Developer/Xcode/DerivedData/awesomeproject-dsazsulrbuptiwgtnoqdelanhvmx/Build/Intermediates.noindex/Pods.build/Debug-iphonesimulator/ExpoModulesCore.build/Objects-normal/x86_64/ExpoModulesCore.SwiftFileList -DDEBUG -D COCOAPODS -Xcc -fmodule-map-file\=/Users/zacmoss/Documents/makers/final-project-frontend/ios/Pods/Headers/Public/React-Core/React/React-Core.modulemap -Xcc -fmodule-map-file\=/Users/zacmoss/Documents/makers/final-project-frontend/ios/Pods/Headers/Public/ReactCommon/ReactCommon.modulemap -Xcc -fmodule-map-file\=/Users/zacmoss/Documents/makers/final-project-frontend/ios/Pods/Headers/Public/folly/RCT-Folly.modulemap -Xcc -fmodule-map-file\=/Users/zacmoss/Documents/makers/final-project-frontend/ios/Pods/Headers/Public/yoga/Yoga.modulemap -import-underlying-module -Xcc -fmodule-map-file\=/Users/zacmoss/Documents/makers/final-project-frontend/ios/Pods/Headers/Public/ExpoModulesCore/ExpoModulesCore.modulemap -sdk /Applications/Xcode.app/Contents/Developer/Platforms/iPhoneSimulator.platform/Developer/SDKs/iPhoneSimulator15.5.sdk -target x86_64-apple-ios12.0-simulator -g -module-cache-path /Users/zacmoss/Library/Developer/Xcode/DerivedData/ModuleCache.noindex -Xfrontend -serialize-debugging-options -enable-testing -index-store-path /Users/zacmoss/Library/Developer/Xcode/DerivedData/awesomeproject-dsazsulrbuptiwgtnoqdelanhvmx/Index/DataStore -swift-version 5 -I /Users/zacmoss/Library/Developer/Xcode/DerivedData/awesomeproject-dsazsulrbuptiwgtnoqdelanhvmx/Build/Products/Debug-iphonesimulator/ExpoModulesCore -F /Users/zacmoss/Library/Developer/Xcode/DerivedData/awesomeproject-dsazsulrbuptiwgtnoqdelanhvmx/Build/Products/Debug-iphonesimulator/ExpoModulesCore -c -num-threads 4 -output-file-map /Users/zacmoss/Library/Developer/Xcode/DerivedData/awesomeproject-dsazsulrbuptiwgtnoqdelanhvmx/Build/Intermediates.noindex/Pods.build/Debug-iphonesimulator/ExpoModulesCore.build/Objects-normal/x86_64/ExpoModulesCore-OutputFileMap.json -parseable-output -serialize-diagnostics -emit-dependencies -emit-module -emit-module-path /Users/zacmoss/Library/Developer/Xcode/DerivedData/awesomeproject-dsazsulrbuptiwgtnoqdelanhvmx/Build/Intermediates.noindex/Pods.build/Debug-iphonesimulator/ExpoModulesCore.build/Objects-normal/x86_64/ExpoModulesCore.swiftmodule -Xcc -I/Users/zacmoss/Library/Developer/Xcode/DerivedData/awesomeproject-dsazsulrbuptiwgtnoqdelanhvmx/Build/Intermediates.noindex/Pods.build/Debug-iphonesimulator/ExpoModulesCore.build/swift-overrides.hmap -Xcc -iquote -Xcc /Users/zacmoss/Library/Developer/Xcode/DerivedData/awesomeproject-dsazsulrbuptiwgtnoqdelanhvmx/Build/Intermediates.noindex/Pods.build/Debug-iphonesimulator/ExpoModulesCore.build/ExpoModulesCore-generated-files.hmap -Xcc -I/Users/zacmoss/Library/Developer/Xcode/DerivedData/awesomeproject-dsazsulrbuptiwgtnoqdelanhvmx/Build/Intermediates.noindex/Pods.build/Debug-iphonesimulator/ExpoModulesCore.build/ExpoModulesCore-own-target-headers.hmap -Xcc -I/Users/zacmoss/Library/Developer/Xcode/DerivedData/awesomeproject-dsazsulrbuptiwgtnoqdelanhvmx/Build/Intermediates.noindex/Pods.build/Debug-iphonesimulator/ExpoModulesCore.build/ExpoModulesCore-all-non-framework-target-headers.hmap -Xcc -ivfsoverlay -Xcc /Users/zacmoss/Library/Developer/Xcode/DerivedData/awesomeproject-dsazsulrbuptiwgtnoqdelanhvmx/Build/Intermediates.noindex/Pods.build/Debug-iphonesimulator/ExpoModulesCore.build/all-product-headers.yaml -Xcc -iquote -Xcc /Users/zacmoss/Library/Developer/Xcode/DerivedData/awesomeproject-dsazsulrbuptiwgtnoqdelanhvmx/Build/Intermediates.noindex/Pods.build/Debug-iphonesimulator/ExpoModulesCore.build/ExpoModulesCore-project-headers.hmap -Xcc -I/Users/zacmoss/Library/Developer/Xcode/DerivedData/awesomeproject-dsazsulrbuptiwgtnoqdelanhvmx/Build/Products/Debug-iphonesimulator/ExpoModulesCore/include -Xcc -I/Users/zacmoss/Documents/makers/final-project-frontend/ios/Pods/Headers/Private -Xcc -I/Users/zacmoss/Documents/makers/final-project-frontend/ios/Pods/Headers/Private/ExpoModulesCore -Xcc -I/Users/zacmoss/Documents/makers/final-project-frontend/ios/Pods/Headers/Public -Xcc -I/Users/zacmoss/Documents/makers/final-project-frontend/ios/Pods/Headers/Public/DoubleConversion -Xcc -I/Users/zacmoss/Documents/makers/final-project-frontend/ios/Pods/Headers/Public/ExpoModulesCore -Xcc -I/Users/zacmoss/Documents/makers/final-project-frontend/ios/Pods/Headers/Public/RCT-Folly -Xcc -I/Users/zacmoss/Documents/makers/final-project-frontend/ios/Pods/Headers/Public/React-Core -Xcc -I/Users/zacmoss/Documents/makers/final-project-frontend/ios/Pods/Headers/Public/React-bridging -Xcc -I/Users/zacmoss/Documents/makers/final-project-frontend/ios/Pods/Headers/Public/React-callinvoker -Xcc -I/Users/zacmoss/Documents/makers/final-project-frontend/ios/Pods/Headers/Public/React-cxxreact -Xcc -I/Users/zacmoss/Documents/makers/final-project-frontend/ios/Pods/Headers/Public/React-jsi -Xcc -I/Users/zacmoss/Documents/makers/final-project-frontend/ios/Pods/Headers/Public/React-jsiexecutor -Xcc -I/Users/zacmoss/Documents/makers/final-project-frontend/ios/Pods/Headers/Public/React-jsinspector -Xcc -I/Users/zacmoss/Documents/makers/final-project-frontend/ios/Pods/Headers/Public/React-logger -Xcc -I/Users/zacmoss/Documents/makers/final-project-frontend/ios/Pods/Headers/Public/React-perflogger -Xcc -I/Users/zacmoss/Documents/makers/final-project-frontend/ios/Pods/Headers/Public/React-runtimeexecutor -Xcc -I/Users/zacmoss/Documents/makers/final-project-frontend/ios/Pods/Headers/Public/ReactCommon -Xcc -I/Users/zacmoss/Documents/makers/final-project-frontend/ios/Pods/Headers/Public/Yoga -Xcc -I/Users/zacmoss/Documents/makers/final-project-frontend/ios/Pods/Headers/Public/fmt -Xcc -I/Users/zacmoss/Documents/makers/final-project-frontend/ios/Pods/Headers/Public/glog -Xcc -I/Users/zacmoss/Documents/makers/final-project-frontend/ios/Pods/Headers/Private/React-bridging/react/bridging -Xcc -I/Users/zacmoss/Library/Developer/Xcode/DerivedData/awesomeproject-dsazsulrbuptiwgtnoqdelanhvmx/Build/Products/Debug-iphonesimulator/React-bridging/react_bridging.framework/Headers -Xcc -I/Users/zacmoss/Documents/makers/final-project-frontend/ios/Pods/Headers/Private/React-bridging/react/bridging -Xcc -I/Users/zacmoss/Library/Developer/Xcode/DerivedData/awesomeproject-dsazsulrbuptiwgtnoqdelanhvmx/Build/Products/Debug-iphonesimulator/React-bridging/react_bridging.framework/Headers -Xcc -I/Users/zacmoss/Library/Developer/Xcode/DerivedData/awesomeproject-dsazsulrbuptiwgtnoqdelanhvmx/Build/Intermediates.noindex/Pods.build/Debug-iphonesimulator/ExpoModulesCore.build/DerivedSources-normal/x86_64 -Xcc -I/Users/zacmoss/Library/Developer/Xcode/DerivedData/awesomeproject-dsazsulrbuptiwgtnoqdelanhvmx/Build/Intermediates.noindex/Pods.build/Debug-iphonesimulator/ExpoModulesCore.build/DerivedSources/x86_64 -Xcc -I/Users/zacmoss/Library/Developer/Xcode/DerivedData/awesomeproject-dsazsulrbuptiwgtnoqdelanhvmx/Build/Intermediates.noindex/Pods.build/Debug-iphonesimulator/ExpoModulesCore.build/DerivedSources -Xcc -DPOD_CONFIGURATION_DEBUG\=1 -Xcc -DDEBUG\=1 -Xcc -DCOCOAPODS\=1 -emit-objc-header -emit-objc-header-path /Users/zacmoss/Library/Developer/Xcode/DerivedData/awesomeproject-dsazsulrbuptiwgtnoqdelanhvmx/Build/Intermediates.noindex/Pods.build/Debug-iphonesimulator/ExpoModulesCore.build/Objects-normal/x86_64/ExpoModulesCore-Swift.h -working-directory /Users/zacmoss/Documents/makers/final-project-frontend/ios/Pods
remark: Incremental compilation has been disabled: it is not compatible with whole module optimization
Command CompileSwiftSources failed with a nonzero exit code

warning: Capabilities for Signing & Capabilities may not function correctly because its entitlements use a placeholder team ID. To resolve this, select a development team in the awesomeproject editor. (in target 'awesomeproject' from project 'awesomeproject')
